[14:00:02] [WARNING] mysql_connect: no password specified (c:\Users\User\Desktop\Projects\REGISTER AND AUTH\gamemodes\registerandauth.pwn:98 -> C:\Users\User\Desktop\Projects\REGISTER AND AUTH\pawno\include\Pawn.CMD.inc:127 -> C:\Users\User\Desktop\Projects\REGISTER AND AUTH\pawno\include\sscanf2.inc:210)
[14:00:02] [INFO] changed log level from 'warning, error' to 'debug, info, warning, error'
[14:00:07] [DEBUG] mysql_tquery(1, "SELECT * FROM `accounts` WHERE `name` = 'electron.js' LIMIT 1", "checkRegister", "d") (c:\Users\User\Desktop\Projects\REGISTER AND AUTH\gamemodes\registerandauth.pwn:137 -> C:\Users\User\Desktop\Projects\REGISTER AND AUTH\pawno\include\sscanf2.inc:241)
[14:00:07] [DEBUG] CCallback::Create(amx=0x2b37c28, name='checkRegister', format='d', params=0x3d6de4c, param_offset=5)
[14:00:07] [DEBUG] CCallback::Create - callback index for 'checkRegister': 46
[14:00:07] [DEBUG] processing specifier 'd' with parameter index 0
[14:00:07] [DEBUG] retrieved and pushed value '0'
[14:00:07] [INFO] Callback 'checkRegister' set up for delayed execution.
[14:00:07] [DEBUG] created delayed callback with 1 parameter
[14:00:07] [DEBUG] CHandle::Execute(this=0x830f80, type=1, query=0x85fd40)
[14:00:07] [DEBUG] CHandle::Execute - return value: true
[14:00:07] [DEBUG] mysql_tquery: return value: '1' (c:\Users\User\Desktop\Projects\REGISTER AND AUTH\gamemodes\registerandauth.pwn:137 -> C:\Users\User\Desktop\Projects\REGISTER AND AUTH\pawno\include\sscanf2.inc:241)
[14:00:07] [DEBUG] CConnection::Execute(query=0x85fd40, this=0x3eb5020, connection=0x894380)
[14:00:07] [DEBUG] CQuery::Execute(this=0x85fd40, connection=0x894380)
[14:00:07] [INFO] query "SELECT * FROM `accounts` WHERE `name` = 'electron.js' LIMIT 1" successfully executed within 123.865 milliseconds
[14:00:07] [DEBUG] CResultSet::Create(connection=0x894380, query_str='SELECT * FROM `accounts` WHERE `name` = 'electron.js' LIMIT 1')
[14:00:07] [DEBUG] created new resultset '0x867688'
[14:00:07] [DEBUG] fetched MySQL result '0x831a08'
[14:00:07] [DEBUG] allocated 100 bytes for PAWN result
[14:00:07] [DEBUG] CCallback::Execute(amx=0x2b37c28, index=46, num_params=1)
[14:00:07] [INFO] Executing callback 'checkRegister' with 1 parameter...
[14:00:07] [DEBUG] processing internal specifier 'c'
[14:00:07] [DEBUG] pushed value '0' onto AMX stack
[14:00:07] [DEBUG] executing AMX callback with index '46'
[14:00:07] [DEBUG] cache_get_row_count(0x03D6E2C4) (C:\Users\User\Desktop\Projects\REGISTER AND AUTH\pawno\include\a_mysql.inc:182 -> c:\Users\User\Desktop\Projects\REGISTER AND AUTH\gamemodes\registerandauth.pwn:142)
[14:00:07] [DEBUG] cache_get_row_count: return value: '1' (C:\Users\User\Desktop\Projects\REGISTER AND AUTH\pawno\include\a_mysql.inc:182 -> c:\Users\User\Desktop\Projects\REGISTER AND AUTH\gamemodes\registerandauth.pwn:142)
[14:00:07] [DEBUG] AMX callback executed with error '0'
[14:00:07] [INFO] Callback successfully executed.
[14:02:46] [DEBUG] mysql_tquery(1, "SELECT * FROM `accounts` WHERE `name` = 'electron.js' LIMIT 1", "checkRegister", "d") (c:\Users\User\Desktop\Projects\REGISTER AND AUTH\gamemodes\registerandauth.pwn:137 -> C:\Users\User\Desktop\Projects\REGISTER AND AUTH\pawno\include\sscanf2.inc:241)
[14:02:46] [DEBUG] CCallback::Create(amx=0x2b37c28, name='checkRegister', format='d', params=0x3d6de4c, param_offset=5)
[14:02:46] [DEBUG] CCallback::Create - callback index for 'checkRegister': 46
[14:02:46] [DEBUG] processing specifier 'd' with parameter index 0
[14:02:46] [DEBUG] retrieved and pushed value '0'
[14:02:46] [INFO] Callback 'checkRegister' set up for delayed execution.
[14:02:46] [DEBUG] created delayed callback with 1 parameter
[14:02:46] [DEBUG] CHandle::Execute(this=0x830f80, type=1, query=0x8576c8)
[14:02:46] [DEBUG] CHandle::Execute - return value: true
[14:02:46] [DEBUG] mysql_tquery: return value: '1' (c:\Users\User\Desktop\Projects\REGISTER AND AUTH\gamemodes\registerandauth.pwn:137 -> C:\Users\User\Desktop\Projects\REGISTER AND AUTH\pawno\include\sscanf2.inc:241)
[14:02:46] [DEBUG] CConnection::Execute(query=0x8576c8, this=0x3eb5020, connection=0x894380)
[14:02:46] [DEBUG] CQuery::Execute(this=0x8576c8, connection=0x894380)
[14:02:46] [ERROR] error #2013 while executing query "SELECT * FROM `accounts` WHERE `name` = 'electron.js' LIMIT 1": Lost connection to MySQL server during query (c:\Users\User\Desktop\Projects\REGISTER AND AUTH\gamemodes\registerandauth.pwn:137 -> C:\Users\User\Desktop\Projects\REGISTER AND AUTH\pawno\include\sscanf2.inc:241)
[14:02:46] [DEBUG] CConnection::GetError(this=0x3eb5020, connection=0x894380)
[14:02:46] [DEBUG] CCallback::Create(amx=0x2b37c28, name='OnQueryError', format='dsssd)
[14:02:46] [DEBUG] CCallback::Create - callback index for 'OnQueryError': -10047
[14:02:46] [DEBUG] processing specifier 'd'
[14:02:46] [DEBUG] retrieved and pushed value '2013'
[14:02:46] [DEBUG] processing specifier 's'
[14:02:46] [DEBUG] retrieved and pushed value 'Lost connection to MySQL server during query'
[14:02:46] [DEBUG] processing specifier 's'
[14:02:46] [DEBUG] retrieved and pushed value 'checkRegister'
[14:02:46] [DEBUG] processing specifier 's'
[14:02:46] [DEBUG] retrieved and pushed value 'SELECT * FROM `accounts` WHERE `name` = 'electron.js' LIMIT 1'
[14:02:46] [DEBUG] processing specifier 'd'
[14:02:46] [DEBUG] retrieved and pushed value '1'
[14:02:46] [INFO] Callback 'OnQueryError' set up for delayed execution.
[14:02:46] [DEBUG] created delayed callback with 5 parameters
[14:02:46] [DEBUG] CCallback::Execute(amx=0x2b37c28, index=-10047, num_params=5)
[14:03:41] [WARNING] mysql_connect: no password specified (c:\Users\User\Desktop\Projects\REGISTER AND AUTH\gamemodes\registerandauth.pwn:98 -> C:\Users\User\Desktop\Projects\REGISTER AND AUTH\pawno\include\Pawn.CMD.inc:127 -> C:\Users\User\Desktop\Projects\REGISTER AND AUTH\pawno\include\sscanf2.inc:210)
[14:03:41] [INFO] changed log level from 'warning, error' to 'debug, info, warning, error'
[14:04:21] [DEBUG] mysql_tquery(1, "SELECT * FROM `accounts` WHERE `name` = 'electron.js' LIMIT 1", "checkRegister", "d") (c:\Users\User\Desktop\Projects\REGISTER AND AUTH\gamemodes\registerandauth.pwn:137 -> C:\Users\User\Desktop\Projects\REGISTER AND AUTH\pawno\include\sscanf2.inc:241)
[14:04:21] [DEBUG] CCallback::Create(amx=0x2b37c28, name='checkRegister', format='d', params=0x3d72e4c, param_offset=5)
[14:04:21] [DEBUG] CCallback::Create - callback index for 'checkRegister': 46
[14:04:21] [DEBUG] processing specifier 'd' with parameter index 0
[14:04:21] [DEBUG] retrieved and pushed value '0'
[14:04:21] [INFO] Callback 'checkRegister' set up for delayed execution.
[14:04:21] [DEBUG] created delayed callback with 1 parameter
[14:04:21] [DEBUG] CHandle::Execute(this=0x608a28, type=1, query=0x5fd130)
[14:04:21] [DEBUG] CConnection::Execute(query=0x5fd130, this=0x3ec0020, connection=0x620fc0)
[14:04:21] [DEBUG] CHandle::Execute - return value: true
[14:04:21] [DEBUG] mysql_tquery: return value: '1' (c:\Users\User\Desktop\Projects\REGISTER AND AUTH\gamemodes\registerandauth.pwn:137 -> C:\Users\User\Desktop\Projects\REGISTER AND AUTH\pawno\include\sscanf2.inc:241)
[14:04:21] [DEBUG] CQuery::Execute(this=0x5fd130, connection=0x620fc0)
[14:04:21] [INFO] query "SELECT * FROM `accounts` WHERE `name` = 'electron.js' LIMIT 1" successfully executed within 23.987 milliseconds
[14:04:21] [DEBUG] CResultSet::Create(connection=0x620fc0, query_str='SELECT * FROM `accounts` WHERE `name` = 'electron.js' LIMIT 1')
[14:04:21] [DEBUG] created new resultset '0x5f6920'
[14:04:21] [DEBUG] fetched MySQL result '0x5e5850'
[14:04:21] [DEBUG] allocated 0 bytes for PAWN result
[14:04:21] [DEBUG] CCallback::Execute(amx=0x2b37c28, index=46, num_params=1)
[14:04:21] [INFO] Executing callback 'checkRegister' with 1 parameter...
[14:04:21] [DEBUG] processing internal specifier 'c'
[14:04:21] [DEBUG] pushed value '0' onto AMX stack
[14:04:21] [DEBUG] executing AMX callback with index '46'
[14:04:21] [DEBUG] cache_get_row_count(0x03D732C4) (C:\Users\User\Desktop\Projects\REGISTER AND AUTH\pawno\include\a_mysql.inc:182 -> c:\Users\User\Desktop\Projects\REGISTER AND AUTH\gamemodes\registerandauth.pwn:142)
[14:04:21] [DEBUG] cache_get_row_count: return value: '1' (C:\Users\User\Desktop\Projects\REGISTER AND AUTH\pawno\include\a_mysql.inc:182 -> c:\Users\User\Desktop\Projects\REGISTER AND AUTH\gamemodes\registerandauth.pwn:142)
[14:04:21] [DEBUG] AMX callback executed with error '0'
[14:04:21] [INFO] Callback successfully executed.
[14:04:49] [DEBUG] mysql_tquery(1, "INSERT INTO `accounts` (`name`, `password`, `email`, `sex`, `referal`, `promo`, `skin`, `logged`, `money`) VALUES ('electron.js', '12345678', '', '2', '', '', '93', '0', '0')", "", "") (c:\Users\User\Desktop\Projects\REGISTER AND AUTH\gamemodes\registerandauth.pwn:395)
[14:04:49] [DEBUG] CCallback::Create(amx=0x2b37c28, name='', format='', params=0x3d72e10, param_offset=5)
[14:04:49] [DEBUG] CHandle::Execute(this=0x608a28, type=1, query=0x5e5ff8)
[14:04:49] [DEBUG] CHandle::Execute - return value: true
[14:04:49] [DEBUG] mysql_tquery: return value: '1' (c:\Users\User\Desktop\Projects\REGISTER AND AUTH\gamemodes\registerandauth.pwn:395)
[14:04:49] [DEBUG] CConnection::Execute(query=0x5e5ff8, this=0x3ec0020, connection=0x620fc0)
[14:04:49] [DEBUG] CQuery::Execute(this=0x5e5ff8, connection=0x620fc0)
[14:04:49] [INFO] query "INSERT INTO `accounts` (`name`, `password`, `email`, `sex`, `referal`, `promo`, `skin`, `logged`, `money`) VALUES ('electron.js', '12345678', '', '2', '', '', '93', '0', '0')" successfully executed within 464.816 milliseconds
[14:04:49] [DEBUG] CResultSet::Create(connection=0x620fc0, query_str='INSERT INTO `accounts` (`name`, `password`, `email`, `sex`, `referal`, `promo`, `skin`, `logged`, `money`) VALUES ('electron.js', '12345678', '', '2', '', '', '93', '0', '0')')
[14:04:49] [DEBUG] created new resultset '0x5f6648'
[14:04:49] [DEBUG] fetched MySQL result '0x0'
[14:06:05] [DEBUG] mysql_tquery(1, "SELECT * FROM `accounts` WHERE `name` = 'electron.js' LIMIT 1", "checkRegister", "d") (c:\Users\User\Desktop\Projects\REGISTER AND AUTH\gamemodes\registerandauth.pwn:137 -> C:\Users\User\Desktop\Projects\REGISTER AND AUTH\pawno\include\sscanf2.inc:241)
[14:06:05] [DEBUG] CCallback::Create(amx=0x2b37c28, name='checkRegister', format='d', params=0x3d72e4c, param_offset=5)
[14:06:05] [DEBUG] CCallback::Create - callback index for 'checkRegister': 46
[14:06:05] [DEBUG] processing specifier 'd' with parameter index 0
[14:06:05] [DEBUG] retrieved and pushed value '0'
[14:06:05] [INFO] Callback 'checkRegister' set up for delayed execution.
[14:06:05] [DEBUG] created delayed callback with 1 parameter
[14:06:05] [DEBUG] CHandle::Execute(this=0x608a28, type=1, query=0x608750)
[14:06:05] [DEBUG] CConnection::Execute(query=0x608750, this=0x3ec0020, connection=0x620fc0)
[14:06:05] [DEBUG] CQuery::Execute(this=0x608750, connection=0x620fc0)
[14:06:05] [ERROR] error #2013 while executing query "SELECT * FROM `accounts` WHERE `name` = 'electron.js' LIMIT 1": Lost connection to MySQL server during query (c:\Users\User\Desktop\Projects\REGISTER AND AUTH\gamemodes\registerandauth.pwn:137 -> C:\Users\User\Desktop\Projects\REGISTER AND AUTH\pawno\include\sscanf2.inc:241)
[14:06:05] [DEBUG] CConnection::GetError(this=0x3ec0020, connection=0x620fc0)
[14:06:05] [DEBUG] CHandle::Execute - return value: true
[14:06:05] [DEBUG] mysql_tquery: return value: '1' (c:\Users\User\Desktop\Projects\REGISTER AND AUTH\gamemodes\registerandauth.pwn:137 -> C:\Users\User\Desktop\Projects\REGISTER AND AUTH\pawno\include\sscanf2.inc:241)
[14:06:05] [DEBUG] CCallback::Create(amx=0x2b37c28, name='OnQueryError', format='dsssd)
[14:06:05] [DEBUG] CCallback::Create - callback index for 'OnQueryError': -10049
[14:06:05] [DEBUG] processing specifier 'd'
[14:06:05] [DEBUG] retrieved and pushed value '2013'
[14:06:05] [DEBUG] processing specifier 's'
[14:06:05] [DEBUG] retrieved and pushed value 'Lost connection to MySQL server during query'
[14:06:05] [DEBUG] processing specifier 's'
[14:06:05] [DEBUG] retrieved and pushed value 'checkRegister'
[14:06:05] [DEBUG] processing specifier 's'
[14:06:05] [DEBUG] retrieved and pushed value 'SELECT * FROM `accounts` WHERE `name` = 'electron.js' LIMIT 1'
[14:06:05] [DEBUG] processing specifier 'd'
[14:06:05] [DEBUG] retrieved and pushed value '1'
[14:06:05] [INFO] Callback 'OnQueryError' set up for delayed execution.
[14:06:05] [DEBUG] created delayed callback with 5 parameters
[14:06:05] [DEBUG] CCallback::Execute(amx=0x2b37c28, index=-10049, num_params=5)
[14:06:26] [WARNING] mysql_connect: no password specified (c:\Users\User\Desktop\Projects\REGISTER AND AUTH\gamemodes\registerandauth.pwn:98 -> C:\Users\User\Desktop\Projects\REGISTER AND AUTH\pawno\include\Pawn.CMD.inc:127 -> C:\Users\User\Desktop\Projects\REGISTER AND AUTH\pawno\include\sscanf2.inc:210)
[14:06:26] [INFO] changed log level from 'warning, error' to 'debug, info, warning, error'
[14:07:12] [DEBUG] mysql_tquery(1, "SELECT * FROM `accounts` WHERE `name` = 'electron.js' LIMIT 1", "checkRegister", "d") (c:\Users\User\Desktop\Projects\REGISTER AND AUTH\gamemodes\registerandauth.pwn:137 -> C:\Users\User\Desktop\Projects\REGISTER AND AUTH\pawno\include\sscanf2.inc:241)
[14:07:12] [DEBUG] CCallback::Create(amx=0x2b37c28, name='checkRegister', format='d', params=0x3d83e4c, param_offset=5)
[14:07:12] [DEBUG] CCallback::Create - callback index for 'checkRegister': 46
[14:07:12] [DEBUG] processing specifier 'd' with parameter index 0
[14:07:12] [DEBUG] retrieved and pushed value '0'
[14:07:12] [INFO] Callback 'checkRegister' set up for delayed execution.
[14:07:12] [DEBUG] created delayed callback with 1 parameter
[14:07:12] [DEBUG] CHandle::Execute(this=0x8712d8, type=1, query=0x8b4f38)
[14:07:12] [DEBUG] CHandle::Execute - return value: true
[14:07:12] [DEBUG] mysql_tquery: return value: '1' (c:\Users\User\Desktop\Projects\REGISTER AND AUTH\gamemodes\registerandauth.pwn:137 -> C:\Users\User\Desktop\Projects\REGISTER AND AUTH\pawno\include\sscanf2.inc:241)
[14:07:12] [DEBUG] CConnection::Execute(query=0x8b4f38, this=0x3ed1020, connection=0x8c4c58)
[14:07:12] [DEBUG] CQuery::Execute(this=0x8b4f38, connection=0x8c4c58)
[14:07:12] [INFO] query "SELECT * FROM `accounts` WHERE `name` = 'electron.js' LIMIT 1" successfully executed within 2.881 milliseconds
[14:07:12] [DEBUG] CResultSet::Create(connection=0x8c4c58, query_str='SELECT * FROM `accounts` WHERE `name` = 'electron.js' LIMIT 1')
[14:07:12] [DEBUG] created new resultset '0x8a7708'
[14:07:12] [DEBUG] fetched MySQL result '0x8a95d8'
[14:07:12] [DEBUG] allocated 84 bytes for PAWN result
[14:07:12] [DEBUG] CCallback::Execute(amx=0x2b37c28, index=46, num_params=1)
[14:07:12] [INFO] Executing callback 'checkRegister' with 1 parameter...
[14:07:12] [DEBUG] processing internal specifier 'c'
[14:07:12] [DEBUG] pushed value '0' onto AMX stack
[14:07:12] [DEBUG] executing AMX callback with index '46'
[14:07:12] [DEBUG] cache_get_row_count(0x03D842C4) (C:\Users\User\Desktop\Projects\REGISTER AND AUTH\pawno\include\a_mysql.inc:182 -> c:\Users\User\Desktop\Projects\REGISTER AND AUTH\gamemodes\registerandauth.pwn:142)
[14:07:12] [DEBUG] cache_get_row_count: return value: '1' (C:\Users\User\Desktop\Projects\REGISTER AND AUTH\pawno\include\a_mysql.inc:182 -> c:\Users\User\Desktop\Projects\REGISTER AND AUTH\gamemodes\registerandauth.pwn:142)
[14:07:12] [DEBUG] AMX callback executed with error '0'
[14:07:12] [INFO] Callback successfully executed.
[14:15:58] [WARNING] mysql_connect: no password specified (c:\Users\User\Desktop\Projects\REGISTER AND AUTH\gamemodes\registerandauth.pwn:98 -> C:\Users\User\Desktop\Projects\REGISTER AND AUTH\pawno\include\Pawn.CMD.inc:127 -> C:\Users\User\Desktop\Projects\REGISTER AND AUTH\pawno\include\sscanf2.inc:210)
[14:15:58] [INFO] changed log level from 'warning, error' to 'debug, info, warning, error'
[14:15:58] [DEBUG] CThreadedConnection::WorkerFunc(this=0x4254020, connection=0x4254020)
[14:18:09] [DEBUG] mysql_tquery(1, "SELECT * FROM `accounts` WHERE `name` = 'electron.js' LIMIT 1", "checkRegister", "d") (c:\Users\User\Desktop\Projects\REGISTER AND AUTH\gamemodes\registerandauth.pwn:137 -> C:\Users\User\Desktop\Projects\REGISTER AND AUTH\pawno\include\sscanf2.inc:241)
[14:18:09] [DEBUG] CCallback::Create(amx=0x2b37c28, name='checkRegister', format='d', params=0x3d6ae50, param_offset=5)
[14:18:09] [DEBUG] CCallback::Create - callback index for 'checkRegister': 46
[14:18:09] [DEBUG] processing specifier 'd' with parameter index 0
[14:18:09] [DEBUG] retrieved and pushed value '0'
[14:18:09] [INFO] Callback 'checkRegister' set up for delayed execution.
[14:18:09] [DEBUG] created delayed callback with 1 parameter
[14:18:09] [DEBUG] CHandle::Execute(this=0x5c1140, type=1, query=0x5eff18)
[14:18:09] [DEBUG] CConnection::Execute(query=0x5eff18, this=0x3eb9020, connection=0x621338)
[14:18:09] [DEBUG] CQuery::Execute(this=0x5eff18, connection=0x621338)
[14:18:09] [ERROR] error #2013 while executing query "SELECT * FROM `accounts` WHERE `name` = 'electron.js' LIMIT 1": Lost connection to MySQL server during query (c:\Users\User\Desktop\Projects\REGISTER AND AUTH\gamemodes\registerandauth.pwn:137 -> C:\Users\User\Desktop\Projects\REGISTER AND AUTH\pawno\include\sscanf2.inc:241)
[14:18:09] [DEBUG] CConnection::GetError(this=0x3eb9020, connection=0x621338)
[14:18:09] [DEBUG] CHandle::Execute - return value: true
[14:18:09] [DEBUG] mysql_tquery: return value: '1' (c:\Users\User\Desktop\Projects\REGISTER AND AUTH\gamemodes\registerandauth.pwn:137 -> C:\Users\User\Desktop\Projects\REGISTER AND AUTH\pawno\include\sscanf2.inc:241)
[14:18:09] [DEBUG] CCallback::Create(amx=0x2b37c28, name='OnQueryError', format='dsssd)
[14:18:09] [DEBUG] CCallback::Create - callback index for 'OnQueryError': -10047
[14:18:09] [DEBUG] processing specifier 'd'
[14:18:09] [DEBUG] retrieved and pushed value '2013'
[14:18:09] [DEBUG] processing specifier 's'
[14:18:09] [DEBUG] retrieved and pushed value 'Lost connection to MySQL server during query'
[14:18:09] [DEBUG] processing specifier 's'
[14:18:09] [DEBUG] retrieved and pushed value 'checkRegister'
[14:18:09] [DEBUG] processing specifier 's'
[14:18:09] [DEBUG] retrieved and pushed value 'SELECT * FROM `accounts` WHERE `name` = 'electron.js' LIMIT 1'
[14:18:09] [DEBUG] processing specifier 'd'
[14:18:09] [DEBUG] retrieved and pushed value '1'
[14:18:09] [INFO] Callback 'OnQueryError' set up for delayed execution.
[14:18:09] [DEBUG] created delayed callback with 5 parameters
[14:18:09] [DEBUG] CCallback::Execute(amx=0x2b37c28, index=-10047, num_params=5)
[14:18:09] [INFO] Executing callback '[' with 5 parameters...
[14:18:09] [DEBUG] processing internal specifier 'c'
[14:18:09] [DEBUG] pushed value '1' onto AMX stack
[14:18:09] [DEBUG] processing internal specifier 's'
[14:18:09] [DEBUG] pushed value 'SELECT * FROM `accounts` WHERE `name` = 'electron.js' LIMIT 1' onto AMX stack
[14:18:09] [DEBUG] processing internal specifier 's'
[14:18:09] [DEBUG] pushed value 'checkRegister' onto AMX stack
[14:18:09] [DEBUG] processing internal specifier 's'
[14:18:09] [DEBUG] pushed value 'Lost connection to MySQL server during query' onto AMX stack
[14:18:09] [DEBUG] processing internal specifier 'c'
[14:18:09] [DEBUG] pushed value '2013' onto AMX stack
[14:18:09] [DEBUG] executing AMX callback with index '-10047'
[14:18:09] [DEBUG] AMX callback executed with error '0'
[14:18:09] [INFO] Callback successfully executed.
[14:20:34] [WARNING] mysql_connect: no password specified (c:\Users\User\Desktop\Projects\REGISTER AND AUTH\gamemodes\registerandauth.pwn:98 -> C:\Users\User\Desktop\Projects\REGISTER AND AUTH\pawno\include\Pawn.CMD.inc:127 -> C:\Users\User\Desktop\Projects\REGISTER AND AUTH\pawno\include\sscanf2.inc:210)
[14:20:34] [INFO] changed log level from 'warning, error' to 'debug, info, warning, error'
[14:20:34] [DEBUG] CThreadedConnection::WorkerFunc(this=0x4254020, connection=0x4254020)
[14:21:15] [DEBUG] mysql_tquery(1, "SELECT * FROM `accounts` WHERE `name` = 'electron.js' LIMIT 1", "checkRegister", "d") (c:\Users\User\Desktop\Projects\REGISTER AND AUTH\gamemodes\registerandauth.pwn:137 -> C:\Users\User\Desktop\Projects\REGISTER AND AUTH\pawno\include\sscanf2.inc:241)
[14:21:15] [DEBUG] CCallback::Create(amx=0x2bf7c28, name='checkRegister', format='d', params=0x3de1e50, param_offset=5)
[14:21:15] [DEBUG] CCallback::Create - callback index for 'checkRegister': 46
[14:21:15] [DEBUG] processing specifier 'd' with parameter index 0
[14:21:15] [DEBUG] retrieved and pushed value '0'
[14:21:15] [INFO] Callback 'checkRegister' set up for delayed execution.
[14:21:15] [DEBUG] created delayed callback with 1 parameter
[14:21:15] [DEBUG] CHandle::Execute(this=0x6412c0, type=1, query=0x6824c0)
[14:21:15] [DEBUG] CConnection::Execute(query=0x6824c0, this=0x3efb020, connection=0x6a4920)
[14:21:15] [DEBUG] CQuery::Execute(this=0x6824c0, connection=0x6a4920)
[14:21:15] [DEBUG] CHandle::Execute - return value: true
[14:21:15] [DEBUG] mysql_tquery: return value: '1' (c:\Users\User\Desktop\Projects\REGISTER AND AUTH\gamemodes\registerandauth.pwn:137 -> C:\Users\User\Desktop\Projects\REGISTER AND AUTH\pawno\include\sscanf2.inc:241)
[14:21:15] [INFO] query "SELECT * FROM `accounts` WHERE `name` = 'electron.js' LIMIT 1" successfully executed within 326.706 milliseconds
[14:21:15] [DEBUG] CResultSet::Create(connection=0x6a4920, query_str='SELECT * FROM `accounts` WHERE `name` = 'electron.js' LIMIT 1')
[14:21:15] [DEBUG] created new resultset '0x677838'
[14:21:15] [DEBUG] fetched MySQL result '0x666ff0'
[14:21:15] [DEBUG] allocated 84 bytes for PAWN result
[14:21:15] [DEBUG] CCallback::Execute(amx=0x2bf7c28, index=46, num_params=1)
[14:21:15] [INFO] Executing callback 'checkRegister' with 1 parameter...
[14:21:15] [DEBUG] processing internal specifier 'c'
[14:21:15] [DEBUG] pushed value '0' onto AMX stack
[14:21:15] [DEBUG] executing AMX callback with index '46'
[14:21:15] [DEBUG] cache_get_row_count(0x03DE22C8) (C:\Users\User\Desktop\Projects\REGISTER AND AUTH\pawno\include\a_mysql.inc:182 -> c:\Users\User\Desktop\Projects\REGISTER AND AUTH\gamemodes\registerandauth.pwn:142)
[14:21:15] [DEBUG] cache_get_row_count: return value: '1' (C:\Users\User\Desktop\Projects\REGISTER AND AUTH\pawno\include\a_mysql.inc:182 -> c:\Users\User\Desktop\Projects\REGISTER AND AUTH\gamemodes\registerandauth.pwn:142)
[14:21:15] [DEBUG] AMX callback executed with error '0'
[14:21:15] [INFO] Callback successfully executed.
[14:30:59] [WARNING] mysql_connect: no password specified (c:\Users\User\Desktop\Projects\REGISTER AND AUTH\gamemodes\registerandauth.pwn:98 -> C:\Users\User\Desktop\Projects\REGISTER AND AUTH\pawno\include\Pawn.CMD.inc:127 -> C:\Users\User\Desktop\Projects\REGISTER AND AUTH\pawno\include\sscanf2.inc:210)
[14:30:59] [INFO] changed log level from 'warning, error' to 'debug, info, warning, error'
[14:31:35] [DEBUG] mysql_tquery(1, "SELECT * FROM `accounts` WHERE `name` = 'electron.js' LIMIT 1", "checkRegister", "d") (c:\Users\User\Desktop\Projects\REGISTER AND AUTH\gamemodes\registerandauth.pwn:137 -> C:\Users\User\Desktop\Projects\REGISTER AND AUTH\pawno\include\sscanf2.inc:241)
[14:31:35] [DEBUG] CCallback::Create(amx=0x2a67c28, name='checkRegister', format='d', params=0x3c60ec0, param_offset=5)
[14:31:35] [DEBUG] CCallback::Create - callback index for 'checkRegister': 46
[14:31:35] [DEBUG] processing specifier 'd' with parameter index 0
[14:31:35] [DEBUG] retrieved and pushed value '0'
[14:31:35] [INFO] Callback 'checkRegister' set up for delayed execution.
[14:31:35] [DEBUG] created delayed callback with 1 parameter
[14:31:35] [DEBUG] CHandle::Execute(this=0x740e00, type=1, query=0x77e1f8)
[14:31:35] [DEBUG] CHandle::Execute - return value: true
[14:31:35] [DEBUG] mysql_tquery: return value: '1' (c:\Users\User\Desktop\Projects\REGISTER AND AUTH\gamemodes\registerandauth.pwn:137 -> C:\Users\User\Desktop\Projects\REGISTER AND AUTH\pawno\include\sscanf2.inc:241)
[14:31:35] [DEBUG] CConnection::Execute(query=0x77e1f8, this=0x3db3020, connection=0x78aca8)
[14:31:35] [DEBUG] CQuery::Execute(this=0x77e1f8, connection=0x78aca8)
[14:31:35] [INFO] query "SELECT * FROM `accounts` WHERE `name` = 'electron.js' LIMIT 1" successfully executed within 4.570 milliseconds
[14:31:35] [DEBUG] CResultSet::Create(connection=0x78aca8, query_str='SELECT * FROM `accounts` WHERE `name` = 'electron.js' LIMIT 1')
[14:31:35] [DEBUG] created new resultset '0x777a50'
[14:31:35] [DEBUG] fetched MySQL result '0x77e148'
[14:31:35] [DEBUG] allocated 0 bytes for PAWN result
[14:31:35] [DEBUG] CCallback::Execute(amx=0x2a67c28, index=46, num_params=1)
[14:31:35] [INFO] Executing callback 'checkRegister' with 1 parameter...
[14:31:35] [DEBUG] processing internal specifier 'c'
[14:31:35] [DEBUG] pushed value '0' onto AMX stack
[14:31:35] [DEBUG] executing AMX callback with index '46'
[14:31:35] [DEBUG] cache_get_row_count(0x03C61338) (C:\Users\User\Desktop\Projects\REGISTER AND AUTH\pawno\include\a_mysql.inc:182 -> c:\Users\User\Desktop\Projects\REGISTER AND AUTH\gamemodes\registerandauth.pwn:142)
[14:31:35] [DEBUG] cache_get_row_count: return value: '1' (C:\Users\User\Desktop\Projects\REGISTER AND AUTH\pawno\include\a_mysql.inc:182 -> c:\Users\User\Desktop\Projects\REGISTER AND AUTH\gamemodes\registerandauth.pwn:142)
[14:31:35] [DEBUG] AMX callback executed with error '0'
[14:31:35] [INFO] Callback successfully executed.
[14:31:52] [DEBUG] mysql_tquery(1, "INSERT INTO `accounts` (`name`, `password`, `email`, `sex`, `referal`, `promo`, `skin`, `logged`, `money`) VALUES ('electron.js', '123', '', '1', '', '', '2', '0', '0')", "", "") (c:\Users\User\Desktop\Projects\REGISTER AND AUTH\gamemodes\registerandauth.pwn:393)
[14:31:52] [DEBUG] CCallback::Create(amx=0x2a67c28, name='', format='', params=0x3c60e84, param_offset=5)
[14:31:52] [DEBUG] CHandle::Execute(this=0x740e00, type=1, query=0x766610)
[14:31:52] [DEBUG] CConnection::Execute(query=0x766610, this=0x3db3020, connection=0x78aca8)
[14:31:52] [DEBUG] CQuery::Execute(this=0x766610, connection=0x78aca8)
[14:31:52] [DEBUG] CHandle::Execute - return value: true
[14:31:52] [DEBUG] mysql_tquery: return value: '1' (c:\Users\User\Desktop\Projects\REGISTER AND AUTH\gamemodes\registerandauth.pwn:393)
[14:31:52] [INFO] query "INSERT INTO `accounts` (`name`, `password`, `email`, `sex`, `referal`, `promo`, `skin`, `logged`, `money`) VALUES ('electron.js', '123', '', '1', '', '', '2', '0', '0')" successfully executed within 187.643 milliseconds
[14:31:52] [DEBUG] CResultSet::Create(connection=0x78aca8, query_str='INSERT INTO `accounts` (`name`, `password`, `email`, `sex`, `referal`, `promo`, `skin`, `logged`, `money`) VALUES ('electron.js', '123', '', '1', '', '', '2', '0', '0')')
[14:31:52] [DEBUG] created new resultset '0x777c10'
[14:31:52] [DEBUG] fetched MySQL result '0x0'
[14:42:26] [WARNING] mysql_connect: no password specified (c:\Users\User\Desktop\Projects\REGISTER AND AUTH\gamemodes\registerandauth.pwn:98 -> C:\Users\User\Desktop\Projects\REGISTER AND AUTH\pawno\include\Pawn.CMD.inc:127 -> C:\Users\User\Desktop\Projects\REGISTER AND AUTH\pawno\include\sscanf2.inc:210)
[14:42:26] [INFO] changed log level from 'warning, error' to 'debug, info, warning, error'
[14:42:59] [DEBUG] mysql_tquery(1, "SELECT * FROM `accounts` WHERE `name` = 'electron.js' LIMIT 1", "checkRegister", "d") (c:\Users\User\Desktop\Projects\REGISTER AND AUTH\gamemodes\registerandauth.pwn:137 -> C:\Users\User\Desktop\Projects\REGISTER AND AUTH\pawno\include\sscanf2.inc:241)
[14:42:59] [DEBUG] CCallback::Create(amx=0x2b37c28, name='checkRegister', format='d', params=0x3d6cf20, param_offset=5)
[14:42:59] [DEBUG] CCallback::Create - callback index for 'checkRegister': 46
[14:42:59] [DEBUG] processing specifier 'd' with parameter index 0
[14:42:59] [DEBUG] retrieved and pushed value '0'
[14:42:59] [INFO] Callback 'checkRegister' set up for delayed execution.
[14:42:59] [DEBUG] created delayed callback with 1 parameter
[14:42:59] [DEBUG] CHandle::Execute(this=0x520b60, type=1, query=0x5219b0)
[14:42:59] [DEBUG] CHandle::Execute - return value: true
[14:42:59] [DEBUG] mysql_tquery: return value: '1' (c:\Users\User\Desktop\Projects\REGISTER AND AUTH\gamemodes\registerandauth.pwn:137 -> C:\Users\User\Desktop\Projects\REGISTER AND AUTH\pawno\include\sscanf2.inc:241)
[14:42:59] [DEBUG] CConnection::Execute(query=0x5219b0, this=0x3eb4020, connection=0x585680)
[14:42:59] [DEBUG] CQuery::Execute(this=0x5219b0, connection=0x585680)
[14:42:59] [INFO] query "SELECT * FROM `accounts` WHERE `name` = 'electron.js' LIMIT 1" successfully executed within 85.617 milliseconds
[14:42:59] [DEBUG] CResultSet::Create(connection=0x585680, query_str='SELECT * FROM `accounts` WHERE `name` = 'electron.js' LIMIT 1')
[14:42:59] [DEBUG] created new resultset '0x558928'
[14:42:59] [DEBUG] fetched MySQL result '0x55df80'
[14:42:59] [DEBUG] allocated 84 bytes for PAWN result
[14:42:59] [DEBUG] CCallback::Execute(amx=0x2b37c28, index=46, num_params=1)
[14:42:59] [INFO] Executing callback 'checkRegister' with 1 parameter...
[14:42:59] [DEBUG] processing internal specifier 'c'
[14:42:59] [DEBUG] pushed value '0' onto AMX stack
[14:42:59] [DEBUG] executing AMX callback with index '46'
[14:42:59] [DEBUG] cache_get_row_count(0x03D6D398) (C:\Users\User\Desktop\Projects\REGISTER AND AUTH\pawno\include\a_mysql.inc:182 -> c:\Users\User\Desktop\Projects\REGISTER AND AUTH\gamemodes\registerandauth.pwn:142)
[14:42:59] [DEBUG] cache_get_row_count: return value: '1' (C:\Users\User\Desktop\Projects\REGISTER AND AUTH\pawno\include\a_mysql.inc:182 -> c:\Users\User\Desktop\Projects\REGISTER AND AUTH\gamemodes\registerandauth.pwn:142)
[14:42:59] [DEBUG] AMX callback executed with error '0'
[14:42:59] [INFO] Callback successfully executed.
[14:45:27] [WARNING] mysql_connect: no password specified (c:\Users\User\Desktop\Projects\REGISTER AND AUTH\gamemodes\registerandauth.pwn:98 -> C:\Users\User\Desktop\Projects\REGISTER AND AUTH\pawno\include\Pawn.CMD.inc:127 -> C:\Users\User\Desktop\Projects\REGISTER AND AUTH\pawno\include\sscanf2.inc:210)
[14:45:27] [INFO] changed log level from 'warning, error' to 'debug, info, warning, error'
[14:46:01] [DEBUG] mysql_tquery(1, "SELECT * FROM `accounts` WHERE `name` = 'electron.js' LIMIT 1", "checkRegister", "d") (c:\Users\User\Desktop\Projects\REGISTER AND AUTH\gamemodes\registerandauth.pwn:137 -> C:\Users\User\Desktop\Projects\REGISTER AND AUTH\pawno\include\sscanf2.inc:241)
[14:46:01] [DEBUG] CCallback::Create(amx=0x2b77c28, name='checkRegister', format='d', params=0x3d74f20, param_offset=5)
[14:46:01] [DEBUG] CCallback::Create - callback index for 'checkRegister': 46
[14:46:01] [DEBUG] processing specifier 'd' with parameter index 0
[14:46:01] [DEBUG] retrieved and pushed value '0'
[14:46:01] [INFO] Callback 'checkRegister' set up for delayed execution.
[14:46:01] [DEBUG] created delayed callback with 1 parameter
[14:46:01] [DEBUG] CHandle::Execute(this=0x8397b8, type=1, query=0x81f988)
[14:46:01] [DEBUG] CHandle::Execute - return value: true
[14:46:01] [DEBUG] mysql_tquery: return value: '1' (c:\Users\User\Desktop\Projects\REGISTER AND AUTH\gamemodes\registerandauth.pwn:137 -> C:\Users\User\Desktop\Projects\REGISTER AND AUTH\pawno\include\sscanf2.inc:241)
[14:46:01] [DEBUG] CConnection::Execute(query=0x81f988, this=0x3ecc020, connection=0x832038)
[14:46:01] [DEBUG] CQuery::Execute(this=0x81f988, connection=0x832038)
[14:46:01] [INFO] query "SELECT * FROM `accounts` WHERE `name` = 'electron.js' LIMIT 1" successfully executed within 2.11 milliseconds
[14:46:01] [DEBUG] CResultSet::Create(connection=0x832038, query_str='SELECT * FROM `accounts` WHERE `name` = 'electron.js' LIMIT 1')
[14:46:01] [DEBUG] created new resultset '0x826548'
[14:46:01] [DEBUG] fetched MySQL result '0x816de8'
[14:46:01] [DEBUG] allocated 84 bytes for PAWN result
[14:46:01] [DEBUG] CCallback::Execute(amx=0x2b77c28, index=46, num_params=1)
[14:46:01] [INFO] Executing callback 'checkRegister' with 1 parameter...
[14:46:01] [DEBUG] processing internal specifier 'c'
[14:46:01] [DEBUG] pushed value '0' onto AMX stack
[14:46:01] [DEBUG] executing AMX callback with index '46'
[14:46:01] [DEBUG] cache_get_row_count(0x03D75398) (C:\Users\User\Desktop\Projects\REGISTER AND AUTH\pawno\include\a_mysql.inc:182 -> c:\Users\User\Desktop\Projects\REGISTER AND AUTH\gamemodes\registerandauth.pwn:142)
[14:46:01] [DEBUG] cache_get_row_count: return value: '1' (C:\Users\User\Desktop\Projects\REGISTER AND AUTH\pawno\include\a_mysql.inc:182 -> c:\Users\User\Desktop\Projects\REGISTER AND AUTH\gamemodes\registerandauth.pwn:142)
[14:46:01] [DEBUG] AMX callback executed with error '0'
[14:46:01] [INFO] Callback successfully executed.
[14:46:54] [WARNING] mysql_connect: no password specified (c:\Users\User\Desktop\Projects\REGISTER AND AUTH\gamemodes\registerandauth.pwn:98 -> C:\Users\User\Desktop\Projects\REGISTER AND AUTH\pawno\include\Pawn.CMD.inc:127 -> C:\Users\User\Desktop\Projects\REGISTER AND AUTH\pawno\include\sscanf2.inc:210)
[14:46:54] [INFO] changed log level from 'warning, error' to 'debug, info, warning, error'
[14:47:27] [DEBUG] mysql_tquery(1, "SELECT * FROM `accounts` WHERE `name` = 'electron.js' LIMIT 1", "checkRegister", "d") (c:\Users\User\Desktop\Projects\REGISTER AND AUTH\gamemodes\registerandauth.pwn:137 -> C:\Users\User\Desktop\Projects\REGISTER AND AUTH\pawno\include\sscanf2.inc:241)
[14:47:27] [DEBUG] CCallback::Create(amx=0x2b37c28, name='checkRegister', format='d', params=0x3d6ef20, param_offset=5)
[14:47:27] [DEBUG] CCallback::Create - callback index for 'checkRegister': 46
[14:47:27] [DEBUG] processing specifier 'd' with parameter index 0
[14:47:27] [DEBUG] retrieved and pushed value '0'
[14:47:27] [INFO] Callback 'checkRegister' set up for delayed execution.
[14:47:27] [DEBUG] created delayed callback with 1 parameter
[14:47:27] [DEBUG] CHandle::Execute(this=0x7d84f0, type=1, query=0x817e98)
[14:47:27] [DEBUG] CConnection::Execute(query=0x817e98, this=0x3ec8020, connection=0x7d1ab8)
[14:47:27] [DEBUG] CQuery::Execute(this=0x817e98, connection=0x7d1ab8)
[14:47:27] [DEBUG] CHandle::Execute - return value: true
[14:47:27] [DEBUG] mysql_tquery: return value: '1' (c:\Users\User\Desktop\Projects\REGISTER AND AUTH\gamemodes\registerandauth.pwn:137 -> C:\Users\User\Desktop\Projects\REGISTER AND AUTH\pawno\include\sscanf2.inc:241)
[14:47:27] [INFO] query "SELECT * FROM `accounts` WHERE `name` = 'electron.js' LIMIT 1" successfully executed within 4.206 milliseconds
[14:47:27] [DEBUG] CResultSet::Create(connection=0x7d1ab8, query_str='SELECT * FROM `accounts` WHERE `name` = 'electron.js' LIMIT 1')
[14:47:27] [DEBUG] created new resultset '0x7c7530'
[14:47:27] [DEBUG] fetched MySQL result '0x7cc998'
[14:47:27] [DEBUG] allocated 0 bytes for PAWN result
[14:47:27] [DEBUG] CCallback::Execute(amx=0x2b37c28, index=46, num_params=1)
[14:47:27] [INFO] Executing callback 'checkRegister' with 1 parameter...
[14:47:27] [DEBUG] processing internal specifier 'c'
[14:47:27] [DEBUG] pushed value '0' onto AMX stack
[14:47:27] [DEBUG] executing AMX callback with index '46'
[14:47:27] [DEBUG] cache_get_row_count(0x03D6F398) (C:\Users\User\Desktop\Projects\REGISTER AND AUTH\pawno\include\a_mysql.inc:182 -> c:\Users\User\Desktop\Projects\REGISTER AND AUTH\gamemodes\registerandauth.pwn:142)
[14:47:27] [DEBUG] cache_get_row_count: return value: '1' (C:\Users\User\Desktop\Projects\REGISTER AND AUTH\pawno\include\a_mysql.inc:182 -> c:\Users\User\Desktop\Projects\REGISTER AND AUTH\gamemodes\registerandauth.pwn:142)
[14:47:27] [DEBUG] AMX callback executed with error '0'
[14:47:27] [INFO] Callback successfully executed.
[14:48:30] [DEBUG] mysql_tquery(1, "INSERT INTO `accounts` (`name`, `password`, `email`, `sex`, `referal`, `promo`, `skin`, `logged`, `money`) VALUES ('electron.js', '201720182017', 'dsfsdfdsfsdf', '1', '', '', '7', '0', '0')", "", "") (c:\Users\User\Desktop\Projects\REGISTER AND AUTH\gamemodes\registerandauth.pwn:395)
[14:48:30] [DEBUG] CCallback::Create(amx=0x2b37c28, name='', format='', params=0x3d6eee4, param_offset=5)
[14:48:30] [DEBUG] CHandle::Execute(this=0x7d84f0, type=1, query=0x7ccbf0)
[14:48:30] [DEBUG] CConnection::Execute(query=0x7ccbf0, this=0x3ec8020, connection=0x7d1ab8)
[14:48:30] [DEBUG] CQuery::Execute(this=0x7ccbf0, connection=0x7d1ab8)
[14:48:30] [ERROR] error #2013 while executing query "INSERT INTO `accounts` (`name`, `password`, `email`, `sex`, `referal`, `promo`, `skin`, `logged`, `money`) VALUES ('electron.js', '201720182017', 'dsfsdfdsfsdf', '1', '', '', '7', '0', '0')": Lost connection to MySQL server during query (c:\Users\User\Desktop\Projects\REGISTER AND AUTH\gamemodes\registerandauth.pwn:395)
[14:48:30] [DEBUG] CConnection::GetError(this=0x3ec8020, connection=0x7d1ab8)
[14:48:30] [DEBUG] CHandle::Execute - return value: true
[14:48:30] [DEBUG] mysql_tquery: return value: '1' (c:\Users\User\Desktop\Projects\REGISTER AND AUTH\gamemodes\registerandauth.pwn:395)
[14:48:30] [DEBUG] CCallback::Create(amx=0x2b37c28, name='OnQueryError', format='dsssd)
[14:48:30] [DEBUG] CCallback::Create - callback index for 'OnQueryError': -10048
[14:48:30] [DEBUG] processing specifier 'd'
[14:48:30] [DEBUG] retrieved and pushed value '2013'
[14:48:30] [DEBUG] processing specifier 's'
[14:48:30] [DEBUG] retrieved and pushed value 'Lost connection to MySQL server during query'
[14:48:30] [DEBUG] processing specifier 's'
[14:48:30] [DEBUG] retrieved and pushed value ''
[14:48:30] [DEBUG] processing specifier 's'
[14:48:30] [DEBUG] retrieved and pushed value 'INSERT INTO `accounts` (`name`, `password`, `email`, `sex`, `referal`, `promo`, `skin`, `logged`, `money`) VALUES ('electron.js', '201720182017', 'dsfsdfdsfsdf', '1', '', '', '7', '0', '0')'
[14:48:30] [DEBUG] processing specifier 'd'
[14:48:30] [DEBUG] retrieved and pushed value '1'
[14:48:30] [INFO] Callback 'OnQueryError' set up for delayed execution.
[14:48:30] [DEBUG] created delayed callback with 5 parameters
[14:48:30] [DEBUG] CCallback::Execute(amx=0x2b37c28, index=-10048, num_params=5)
[14:48:30] [INFO] Executing callback '#\' with 5 parameters...
[14:48:30] [DEBUG] processing internal specifier 'c'
[14:48:30] [DEBUG] pushed value '1' onto AMX stack
[14:48:30] [DEBUG] processing internal specifier 's'
[14:48:30] [DEBUG] pushed value 'INSERT INTO `accounts` (`name`, `password`, `email`, `sex`, `referal`, `promo`, `skin`, `logged`, `money`) VALUES ('electron.js', '201720182017', 'dsfsdfdsfsdf', '1', '', '', '7', '0', '0')' onto AMX stack
[14:48:30] [DEBUG] processing internal specifier 's'
[14:48:30] [DEBUG] pushed value '' onto AMX stack
[14:48:30] [DEBUG] processing internal specifier 's'
[14:48:30] [DEBUG] pushed value 'Lost connection to MySQL server during query' onto AMX stack
[14:48:30] [DEBUG] processing internal specifier 'c'
[14:48:30] [DEBUG] pushed value '2013' onto AMX stack
[14:48:30] [DEBUG] executing AMX callback with index '-10048'
[14:48:30] [DEBUG] AMX callback executed with error '0'
[14:48:30] [INFO] Callback successfully executed.
[14:50:14] [WARNING] mysql_connect: no password specified (c:\Users\User\Desktop\Projects\REGISTER AND AUTH\gamemodes\registerandauth.pwn:98 -> C:\Users\User\Desktop\Projects\REGISTER AND AUTH\pawno\include\Pawn.CMD.inc:127 -> C:\Users\User\Desktop\Projects\REGISTER AND AUTH\pawno\include\sscanf2.inc:210)
[14:50:14] [INFO] changed log level from 'warning, error' to 'debug, info, warning, error'
[14:50:55] [DEBUG] mysql_tquery(1, "SELECT * FROM `accounts` WHERE `name` = 'electron.js' LIMIT 1", "checkRegister", "d") (c:\Users\User\Desktop\Projects\REGISTER AND AUTH\gamemodes\registerandauth.pwn:137 -> C:\Users\User\Desktop\Projects\REGISTER AND AUTH\pawno\include\sscanf2.inc:241)
[14:50:55] [DEBUG] CCallback::Create(amx=0x2ba7c28, name='checkRegister', format='d', params=0x3d99f34, param_offset=5)
[14:50:55] [DEBUG] CCallback::Create - callback index for 'checkRegister': 46
[14:50:55] [DEBUG] processing specifier 'd' with parameter index 0
[14:50:55] [DEBUG] retrieved and pushed value '0'
[14:50:55] [INFO] Callback 'checkRegister' set up for delayed execution.
[14:50:55] [DEBUG] created delayed callback with 1 parameter
[14:50:55] [DEBUG] CHandle::Execute(this=0x5a9e68, type=1, query=0x5a1f20)
[14:50:55] [DEBUG] CConnection::Execute(query=0x5a1f20, this=0x3ee5020, connection=0x5a1a70)
[14:50:55] [DEBUG] CQuery::Execute(this=0x5a1f20, connection=0x5a1a70)
[14:50:55] [DEBUG] CHandle::Execute - return value: true
[14:50:55] [DEBUG] mysql_tquery: return value: '1' (c:\Users\User\Desktop\Projects\REGISTER AND AUTH\gamemodes\registerandauth.pwn:137 -> C:\Users\User\Desktop\Projects\REGISTER AND AUTH\pawno\include\sscanf2.inc:241)
[14:50:55] [INFO] query "SELECT * FROM `accounts` WHERE `name` = 'electron.js' LIMIT 1" successfully executed within 9.82 milliseconds
[14:50:55] [DEBUG] CResultSet::Create(connection=0x5a1a70, query_str='SELECT * FROM `accounts` WHERE `name` = 'electron.js' LIMIT 1')
[14:50:55] [DEBUG] created new resultset '0x597380'
[14:50:55] [DEBUG] fetched MySQL result '0x5a9720'
[14:50:55] [DEBUG] allocated 0 bytes for PAWN result
[14:50:55] [DEBUG] CCallback::Execute(amx=0x2ba7c28, index=46, num_params=1)
[14:50:55] [INFO] Executing callback 'checkRegister' with 1 parameter...
[14:50:55] [DEBUG] processing internal specifier 'c'
[14:50:55] [DEBUG] pushed value '0' onto AMX stack
[14:50:55] [DEBUG] executing AMX callback with index '46'
[14:50:55] [DEBUG] cache_get_row_count(0x03D9A3AC) (C:\Users\User\Desktop\Projects\REGISTER AND AUTH\pawno\include\a_mysql.inc:182 -> c:\Users\User\Desktop\Projects\REGISTER AND AUTH\gamemodes\registerandauth.pwn:142)
[14:50:55] [DEBUG] cache_get_row_count: return value: '1' (C:\Users\User\Desktop\Projects\REGISTER AND AUTH\pawno\include\a_mysql.inc:182 -> c:\Users\User\Desktop\Projects\REGISTER AND AUTH\gamemodes\registerandauth.pwn:142)
[14:50:55] [DEBUG] AMX callback executed with error '0'
[14:50:55] [INFO] Callback successfully executed.
[14:51:29] [DEBUG] mysql_tquery(1, "INSERT INTO `accounts` (`name`, `password`, `email`, `sex`, `referal`, `promo`, `skin`, `logged`, `money`) VALUES ('electron.js', 'גאגאאגא', 'egor.zimow@yandex.ru', '1', 'electron.js', '', '5', '0', '0')", "", "") (c:\Users\User\Desktop\Projects\REGISTER AND AUTH\gamemodes\registerandauth.pwn:395)
[14:51:29] [DEBUG] CCallback::Create(amx=0x2ba7c28, name='', format='', params=0x3d99ef8, param_offset=5)
[14:51:29] [DEBUG] CHandle::Execute(this=0x5a9e68, type=1, query=0x5a9730)
[14:51:29] [DEBUG] CConnection::Execute(query=0x5a9730, this=0x3ee5020, connection=0x5a1a70)
[14:51:29] [DEBUG] CQuery::Execute(this=0x5a9730, connection=0x5a1a70)
[14:51:29] [DEBUG] CHandle::Execute - return value: true
[14:51:29] [DEBUG] mysql_tquery: return value: '1' (c:\Users\User\Desktop\Projects\REGISTER AND AUTH\gamemodes\registerandauth.pwn:395)
[14:51:29] [ERROR] error #1366 while executing query "INSERT INTO `accounts` (`name`, `password`, `email`, `sex`, `referal`, `promo`, `skin`, `logged`, `money`) VALUES ('electron.js', 'גאגאאגא', 'egor.zimow@yandex.ru', '1', 'electron.js', '', '5', '0', '0')": Incorrect string value: '\xE2\xFB\xE0\xFB\xE2\xE0...' for column `datebaze`.`accounts`.`password` at row 1 (c:\Users\User\Desktop\Projects\REGISTER AND AUTH\gamemodes\registerandauth.pwn:395)
[14:51:29] [DEBUG] CConnection::GetError(this=0x3ee5020, connection=0x5a1a70)
[14:51:29] [DEBUG] CCallback::Create(amx=0x2ba7c28, name='OnQueryError', format='dsssd)
[14:51:29] [DEBUG] CCallback::Create - callback index for 'OnQueryError': -10049
[14:51:29] [DEBUG] processing specifier 'd'
[14:51:29] [DEBUG] retrieved and pushed value '1366'
[14:51:29] [DEBUG] processing specifier 's'
[14:51:29] [DEBUG] retrieved and pushed value 'Incorrect string value: '\xE2\xFB\xE0\xFB\xE2\xE0...' for column `datebaze`.`accounts`.`password` at row 1'
[14:51:29] [DEBUG] processing specifier 's'
[14:51:29] [DEBUG] retrieved and pushed value ''
[14:51:29] [DEBUG] processing specifier 's'
[14:51:29] [DEBUG] retrieved and pushed value 'INSERT INTO `accounts` (`name`, `password`, `email`, `sex`, `referal`, `promo`, `skin`, `logged`, `money`) VALUES ('electron.js', 'גאגאאגא', 'egor.zimow@yandex.ru', '1', 'electron.js', '', '5', '0', '0')'
[14:51:29] [DEBUG] processing specifier 'd'
[14:51:29] [DEBUG] retrieved and pushed value '1'
[14:51:29] [INFO] Callback 'OnQueryError' set up for delayed execution.
[14:51:29] [DEBUG] created delayed callback with 5 parameters
[14:51:29] [DEBUG] CCallback::Execute(amx=0x2ba7c28, index=-10049, num_params=5)
[14:51:29] [INFO] Executing callback '-\' with 5 parameters...
[14:51:29] [DEBUG] processing internal specifier 'c'
[14:51:29] [DEBUG] pushed value '1' onto AMX stack
[14:51:29] [DEBUG] processing internal specifier 's'
[14:51:29] [DEBUG] pushed value 'INSERT INTO `accounts` (`name`, `password`, `email`, `sex`, `referal`, `promo`, `skin`, `logged`, `money`) VALUES ('electron.js', 'גאגאאגא', 'egor.zimow@yandex.ru', '1', 'electron.js', '', '5', '0', '0')' onto AMX stack
[14:51:29] [DEBUG] processing internal specifier 's'
[14:51:29] [DEBUG] pushed value '' onto AMX stack
[14:51:29] [DEBUG] processing internal specifier 's'
[14:51:29] [DEBUG] pushed value 'Incorrect string value: '\xE2\xFB\xE0\xFB\xE2\xE0...' for column `datebaze`.`accounts`.`password` at row 1' onto AMX stack
[14:51:29] [DEBUG] processing internal specifier 'c'
[14:51:29] [DEBUG] pushed value '1366' onto AMX stack
[14:51:29] [DEBUG] executing AMX callback with index '-10049'
[14:51:29] [DEBUG] AMX callback executed with error '0'
[14:51:29] [INFO] Callback successfully executed.
[14:53:15] [WARNING] mysql_connect: no password specified (c:\Users\User\Desktop\Projects\REGISTER AND AUTH\gamemodes\registerandauth.pwn:98 -> C:\Users\User\Desktop\Projects\REGISTER AND AUTH\pawno\include\Pawn.CMD.inc:127 -> C:\Users\User\Desktop\Projects\REGISTER AND AUTH\pawno\include\sscanf2.inc:210)
[14:53:15] [INFO] changed log level from 'warning, error' to 'debug, info, warning, error'
[14:53:48] [DEBUG] mysql_tquery(1, "SELECT * FROM `accounts` WHERE `name` = 'electron.js' LIMIT 1", "checkRegister", "d") (c:\Users\User\Desktop\Projects\REGISTER AND AUTH\gamemodes\registerandauth.pwn:137 -> C:\Users\User\Desktop\Projects\REGISTER AND AUTH\pawno\include\sscanf2.inc:241)
[14:53:48] [DEBUG] CCallback::Create(amx=0x2b47c28, name='checkRegister', format='d', params=0x3d8df34, param_offset=5)
[14:53:48] [DEBUG] CCallback::Create - callback index for 'checkRegister': 46
[14:53:48] [DEBUG] processing specifier 'd' with parameter index 0
[14:53:48] [DEBUG] retrieved and pushed value '0'
[14:53:48] [INFO] Callback 'checkRegister' set up for delayed execution.
[14:53:48] [DEBUG] created delayed callback with 1 parameter
[14:53:48] [DEBUG] CHandle::Execute(this=0x6595d0, type=1, query=0x6594e8)
[14:53:48] [DEBUG] CConnection::Execute(query=0x6594e8, this=0x3ed1020, connection=0x6776f0)
[14:53:48] [DEBUG] CQuery::Execute(this=0x6594e8, connection=0x6776f0)
[14:53:48] [INFO] query "SELECT * FROM `accounts` WHERE `name` = 'electron.js' LIMIT 1" successfully executed within 3.883 milliseconds
[14:53:48] [DEBUG] CResultSet::Create(connection=0x6776f0, query_str='SELECT * FROM `accounts` WHERE `name` = 'electron.js' LIMIT 1')
[14:53:48] [DEBUG] created new resultset '0x6464e0'
[14:53:48] [DEBUG] fetched MySQL result '0x64c008'
[14:53:48] [DEBUG] allocated 0 bytes for PAWN result
[14:53:48] [DEBUG] CHandle::Execute - return value: true
[14:53:48] [DEBUG] mysql_tquery: return value: '1' (c:\Users\User\Desktop\Projects\REGISTER AND AUTH\gamemodes\registerandauth.pwn:137 -> C:\Users\User\Desktop\Projects\REGISTER AND AUTH\pawno\include\sscanf2.inc:241)
[14:53:48] [DEBUG] CCallback::Execute(amx=0x2b47c28, index=46, num_params=1)
[14:53:48] [INFO] Executing callback 'checkRegister' with 1 parameter...
[14:53:48] [DEBUG] processing internal specifier 'c'
[14:53:48] [DEBUG] pushed value '0' onto AMX stack
[14:53:48] [DEBUG] executing AMX callback with index '46'
[14:53:48] [DEBUG] cache_get_row_count(0x03D8E3AC) (C:\Users\User\Desktop\Projects\REGISTER AND AUTH\pawno\include\a_mysql.inc:182 -> c:\Users\User\Desktop\Projects\REGISTER AND AUTH\gamemodes\registerandauth.pwn:142)
[14:53:48] [DEBUG] cache_get_row_count: return value: '1' (C:\Users\User\Desktop\Projects\REGISTER AND AUTH\pawno\include\a_mysql.inc:182 -> c:\Users\User\Desktop\Projects\REGISTER AND AUTH\gamemodes\registerandauth.pwn:142)
[14:53:48] [DEBUG] AMX callback executed with error '0'
[14:53:48] [INFO] Callback successfully executed.
[14:54:31] [DEBUG] mysql_tquery(1, "INSERT INTO `accounts` (`name`, `password`, `email`, `sex`, `referal`, `promo`, `skin`, `logged`, `money`) VALUES ('electron.js', 'אגגגאגא', 'egor.zimow@yandex.ru', '1', 'גאגאגאגא', '', '5', '0', '0')", "", "") (c:\Users\User\Desktop\Projects\REGISTER AND AUTH\gamemodes\registerandauth.pwn:396)
[14:54:31] [DEBUG] CCallback::Create(amx=0x2b47c28, name='', format='', params=0x3d8def8, param_offset=5)
[14:54:31] [DEBUG] CHandle::Execute(this=0x6595d0, type=1, query=0x63f9d0)
[14:54:31] [DEBUG] CConnection::Execute(query=0x63f9d0, this=0x3ed1020, connection=0x6776f0)
[14:54:31] [DEBUG] CQuery::Execute(this=0x63f9d0, connection=0x6776f0)
[14:54:31] [DEBUG] CHandle::Execute - return value: true
[14:54:31] [DEBUG] mysql_tquery: return value: '1' (c:\Users\User\Desktop\Projects\REGISTER AND AUTH\gamemodes\registerandauth.pwn:396)
[14:54:31] [ERROR] error #1366 while executing query "INSERT INTO `accounts` (`name`, `password`, `email`, `sex`, `referal`, `promo`, `skin`, `logged`, `money`) VALUES ('electron.js', 'אגגגאגא', 'egor.zimow@yandex.ru', '1', 'גאגאגאגא', '', '5', '0', '0')": Incorrect string value: '\xFB\xE0\xE2\xFB\xE2\xFB...' for column `datebaze`.`accounts`.`password` at row 1 (c:\Users\User\Desktop\Projects\REGISTER AND AUTH\gamemodes\registerandauth.pwn:396)
[14:54:31] [DEBUG] CConnection::GetError(this=0x3ed1020, connection=0x6776f0)
[14:54:31] [DEBUG] CCallback::Create(amx=0x2b47c28, name='OnQueryError', format='dsssd)
[14:54:31] [DEBUG] CCallback::Create - callback index for 'OnQueryError': -10048
[14:54:31] [DEBUG] processing specifier 'd'
[14:54:31] [DEBUG] retrieved and pushed value '1366'
[14:54:31] [DEBUG] processing specifier 's'
[14:54:31] [DEBUG] retrieved and pushed value 'Incorrect string value: '\xFB\xE0\xE2\xFB\xE2\xFB...' for column `datebaze`.`accounts`.`password` at row 1'
[14:54:31] [DEBUG] processing specifier 's'
[14:54:31] [DEBUG] retrieved and pushed value ''
[14:54:31] [DEBUG] processing specifier 's'
[14:54:31] [DEBUG] retrieved and pushed value 'INSERT INTO `accounts` (`name`, `password`, `email`, `sex`, `referal`, `promo`, `skin`, `logged`, `money`) VALUES ('electron.js', 'אגגגאגא', 'egor.zimow@yandex.ru', '1', 'גאגאגאגא', '', '5', '0', '0')'
[14:54:31] [DEBUG] processing specifier 'd'
[14:54:31] [DEBUG] retrieved and pushed value '1'
[14:54:31] [INFO] Callback 'OnQueryError' set up for delayed execution.
[14:54:31] [DEBUG] created delayed callback with 5 parameters
[14:54:31] [DEBUG] CCallback::Execute(amx=0x2b47c28, index=-10048, num_params=5)
[15:01:19] [WARNING] mysql_connect: no password specified (c:\Users\User\Desktop\Projects\REGISTER AND AUTH\gamemodes\registerandauth.pwn:98 -> C:\Users\User\Desktop\Projects\REGISTER AND AUTH\pawno\include\Pawn.CMD.inc:127 -> C:\Users\User\Desktop\Projects\REGISTER AND AUTH\pawno\include\sscanf2.inc:210)
[15:01:19] [INFO] changed log level from 'warning, error' to 'debug, info, warning, error'
[15:03:50] [DEBUG] mysql_tquery(1, "SELECT * FROM `accounts` WHERE `name` = 'electron.js' LIMIT 1", "checkRegister", "d") (c:\Users\User\Desktop\Projects\REGISTER AND AUTH\gamemodes\registerandauth.pwn:137 -> C:\Users\User\Desktop\Projects\REGISTER AND AUTH\pawno\include\sscanf2.inc:241)
[15:03:50] [DEBUG] CCallback::Create(amx=0x2b37c28, name='checkRegister', format='d', params=0x3d80f3c, param_offset=5)
[15:03:50] [DEBUG] CCallback::Create - callback index for 'checkRegister': 46
[15:03:50] [DEBUG] processing specifier 'd' with parameter index 0
[15:03:50] [DEBUG] retrieved and pushed value '0'
[15:03:50] [INFO] Callback 'checkRegister' set up for delayed execution.
[15:03:50] [DEBUG] created delayed callback with 1 parameter
[15:03:50] [DEBUG] CHandle::Execute(this=0x7d11c0, type=1, query=0x7f7e50)
[15:03:50] [DEBUG] CHandle::Execute - return value: true
[15:03:50] [DEBUG] mysql_tquery: return value: '1' (c:\Users\User\Desktop\Projects\REGISTER AND AUTH\gamemodes\registerandauth.pwn:137 -> C:\Users\User\Desktop\Projects\REGISTER AND AUTH\pawno\include\sscanf2.inc:241)
[15:03:50] [DEBUG] CConnection::Execute(query=0x7f7e50, this=0x3ed6020, connection=0x81fa30)
[15:03:50] [DEBUG] CQuery::Execute(this=0x7f7e50, connection=0x81fa30)
[15:03:50] [ERROR] error #2013 while executing query "SELECT * FROM `accounts` WHERE `name` = 'electron.js' LIMIT 1": Lost connection to MySQL server during query (c:\Users\User\Desktop\Projects\REGISTER AND AUTH\gamemodes\registerandauth.pwn:137 -> C:\Users\User\Desktop\Projects\REGISTER AND AUTH\pawno\include\sscanf2.inc:241)
[15:03:50] [DEBUG] CConnection::GetError(this=0x3ed6020, connection=0x81fa30)
[15:03:50] [DEBUG] CCallback::Create(amx=0x2b37c28, name='OnQueryError', format='dsssd)
[15:03:50] [DEBUG] CCallback::Create - callback index for 'OnQueryError': -10047
[15:03:50] [DEBUG] processing specifier 'd'
[15:03:50] [DEBUG] retrieved and pushed value '2013'
[15:03:50] [DEBUG] processing specifier 's'
[15:03:50] [DEBUG] retrieved and pushed value 'Lost connection to MySQL server during query'
[15:03:50] [DEBUG] processing specifier 's'
[15:03:50] [DEBUG] retrieved and pushed value 'checkRegister'
[15:03:50] [DEBUG] processing specifier 's'
[15:03:50] [DEBUG] retrieved and pushed value 'SELECT * FROM `accounts` WHERE `name` = 'electron.js' LIMIT 1'
[15:03:50] [DEBUG] processing specifier 'd'
[15:03:50] [DEBUG] retrieved and pushed value '1'
[15:03:50] [INFO] Callback 'OnQueryError' set up for delayed execution.
[15:03:50] [DEBUG] created delayed callback with 5 parameters
[15:03:50] [DEBUG] CCallback::Execute(amx=0x2b37c28, index=-10047, num_params=5)
[15:04:02] [WARNING] mysql_connect: no password specified (c:\Users\User\Desktop\Projects\REGISTER AND AUTH\gamemodes\registerandauth.pwn:98 -> C:\Users\User\Desktop\Projects\REGISTER AND AUTH\pawno\include\Pawn.CMD.inc:127 -> C:\Users\User\Desktop\Projects\REGISTER AND AUTH\pawno\include\sscanf2.inc:210)
[15:04:02] [INFO] changed log level from 'warning, error' to 'debug, info, warning, error'
[15:04:45] [DEBUG] mysql_tquery(1, "SELECT * FROM `accounts` WHERE `name` = 'electron.js' LIMIT 1", "checkRegister", "d") (c:\Users\User\Desktop\Projects\REGISTER AND AUTH\gamemodes\registerandauth.pwn:137 -> C:\Users\User\Desktop\Projects\REGISTER AND AUTH\pawno\include\sscanf2.inc:241)
[15:04:45] [DEBUG] CCallback::Create(amx=0x2bc7c28, name='checkRegister', format='d', params=0x3dbff3c, param_offset=5)
[15:04:45] [DEBUG] CCallback::Create - callback index for 'checkRegister': 46
[15:04:45] [DEBUG] processing specifier 'd' with parameter index 0
[15:04:45] [DEBUG] retrieved and pushed value '0'
[15:04:45] [INFO] Callback 'checkRegister' set up for delayed execution.
[15:04:45] [DEBUG] created delayed callback with 1 parameter
[15:04:45] [DEBUG] CHandle::Execute(this=0x75ba08, type=1, query=0x736160)
[15:04:45] [DEBUG] CHandle::Execute - return value: true
[15:04:45] [DEBUG] mysql_tquery: return value: '1' (c:\Users\User\Desktop\Projects\REGISTER AND AUTH\gamemodes\registerandauth.pwn:137 -> C:\Users\User\Desktop\Projects\REGISTER AND AUTH\pawno\include\sscanf2.inc:241)
[15:04:45] [DEBUG] CConnection::Execute(query=0x736160, this=0x3eda020, connection=0x7116c8)
[15:04:45] [DEBUG] CQuery::Execute(this=0x736160, connection=0x7116c8)
[15:04:45] [INFO] query "SELECT * FROM `accounts` WHERE `name` = 'electron.js' LIMIT 1" successfully executed within 148.157 milliseconds
[15:04:45] [DEBUG] CResultSet::Create(connection=0x7116c8, query_str='SELECT * FROM `accounts` WHERE `name` = 'electron.js' LIMIT 1')
[15:04:45] [DEBUG] created new resultset '0x7472c0'
[15:04:45] [DEBUG] fetched MySQL result '0x7360c8'
[15:04:45] [DEBUG] allocated 0 bytes for PAWN result
[15:04:45] [DEBUG] CCallback::Execute(amx=0x2bc7c28, index=46, num_params=1)
[15:04:45] [INFO] Executing callback 'checkRegister' with 1 parameter...
[15:04:45] [DEBUG] processing internal specifier 'c'
[15:04:45] [DEBUG] pushed value '0' onto AMX stack
[15:04:45] [DEBUG] executing AMX callback with index '46'
[15:04:45] [DEBUG] cache_get_row_count(0x03DC03B4) (C:\Users\User\Desktop\Projects\REGISTER AND AUTH\pawno\include\a_mysql.inc:182 -> c:\Users\User\Desktop\Projects\REGISTER AND AUTH\gamemodes\registerandauth.pwn:142)
[15:04:45] [DEBUG] cache_get_row_count: return value: '1' (C:\Users\User\Desktop\Projects\REGISTER AND AUTH\pawno\include\a_mysql.inc:182 -> c:\Users\User\Desktop\Projects\REGISTER AND AUTH\gamemodes\registerandauth.pwn:142)
[15:04:45] [DEBUG] AMX callback executed with error '0'
[15:04:45] [INFO] Callback successfully executed.
[15:05:05] [DEBUG] mysql_tquery(1, "INSERT INTO `accounts` (`name`, `password`, `email`, `sex`, `referal`, `promo`, `skin`, `logged`, `money`) VALUES ('electron.js', '2', '', '1', '', '', '7', '0', '0')", "", "") (c:\Users\User\Desktop\Projects\REGISTER AND AUTH\gamemodes\registerandauth.pwn:395)
[15:05:05] [DEBUG] CCallback::Create(amx=0x2bc7c28, name='', format='', params=0x3dbff00, param_offset=5)
[15:05:05] [DEBUG] CHandle::Execute(this=0x75ba08, type=1, query=0x74db70)
[15:05:05] [DEBUG] CConnection::Execute(query=0x74db70, this=0x3eda020, connection=0x7116c8)
[15:05:05] [DEBUG] CQuery::Execute(this=0x74db70, connection=0x7116c8)
[15:05:05] [DEBUG] CHandle::Execute - return value: true
[15:05:05] [DEBUG] mysql_tquery: return value: '1' (c:\Users\User\Desktop\Projects\REGISTER AND AUTH\gamemodes\registerandauth.pwn:395)
[15:05:07] [INFO] query "INSERT INTO `accounts` (`name`, `password`, `email`, `sex`, `referal`, `promo`, `skin`, `logged`, `money`) VALUES ('electron.js', '2', '', '1', '', '', '7', '0', '0')" successfully executed within 1998.142 milliseconds
[15:05:07] [DEBUG] CResultSet::Create(connection=0x7116c8, query_str='INSERT INTO `accounts` (`name`, `password`, `email`, `sex`, `referal`, `promo`, `skin`, `logged`, `money`) VALUES ('electron.js', '2', '', '1', '', '', '7', '0', '0')')
[15:05:07] [DEBUG] created new resultset '0x7472c0'
[15:05:07] [DEBUG] fetched MySQL result '0x0'
[15:50:08] [WARNING] mysql_connect: no password specified (c:\Users\User\Desktop\Projects\REGISTER AND AUTH\gamemodes\registerandauth.pwn:106 -> C:\Users\User\Desktop\Projects\REGISTER AND AUTH\pawno\include\Pawn.CMD.inc:127 -> C:\Users\User\Desktop\Projects\REGISTER AND AUTH\pawno\include\sscanf2.inc:210)
[15:50:16] [INFO] changed log level from 'warning, error' to 'debug, info, warning, error'
[15:51:33] [DEBUG] mysql_tquery(1, "SELECT * FROM `accounts` WHERE `name` = 'electron.js' LIMIT 1", "checkRegister", "d") (c:\Users\User\Desktop\Projects\REGISTER AND AUTH\gamemodes\registerandauth.pwn:145 -> C:\Users\User\Desktop\Projects\REGISTER AND AUTH\pawno\include\sscanf2.inc:241)
[15:51:33] [DEBUG] CCallback::Create(amx=0x2bd7c28, name='checkRegister', format='d', params=0x3dc5768, param_offset=5)
[15:51:33] [DEBUG] CCallback::Create - callback index for 'checkRegister': 47
[15:51:33] [DEBUG] processing specifier 'd' with parameter index 0
[15:51:33] [DEBUG] retrieved and pushed value '0'
[15:51:33] [INFO] Callback 'checkRegister' set up for delayed execution.
[15:51:33] [DEBUG] created delayed callback with 1 parameter
[15:51:33] [DEBUG] CHandle::Execute(this=0x80de28, type=1, query=0x7fd930)
[15:51:33] [DEBUG] CHandle::Execute - return value: true
[15:51:33] [DEBUG] mysql_tquery: return value: '1' (c:\Users\User\Desktop\Projects\REGISTER AND AUTH\gamemodes\registerandauth.pwn:145 -> C:\Users\User\Desktop\Projects\REGISTER AND AUTH\pawno\include\sscanf2.inc:241)
[15:51:33] [DEBUG] CConnection::Execute(query=0x7fd930, this=0x3ed2020, connection=0x826000)
[15:51:33] [DEBUG] CQuery::Execute(this=0x7fd930, connection=0x826000)
[15:51:33] [ERROR] error #2013 while executing query "SELECT * FROM `accounts` WHERE `name` = 'electron.js' LIMIT 1": Lost connection to MySQL server during query (c:\Users\User\Desktop\Projects\REGISTER AND AUTH\gamemodes\registerandauth.pwn:145 -> C:\Users\User\Desktop\Projects\REGISTER AND AUTH\pawno\include\sscanf2.inc:241)
[15:51:33] [DEBUG] CConnection::GetError(this=0x3ed2020, connection=0x826000)
[15:51:33] [DEBUG] CCallback::Create(amx=0x2bd7c28, name='OnQueryError', format='dsssd)
[15:51:33] [DEBUG] CCallback::Create - callback index for 'OnQueryError': -10047
[15:51:33] [DEBUG] processing specifier 'd'
[15:51:33] [DEBUG] retrieved and pushed value '2013'
[15:51:33] [DEBUG] processing specifier 's'
[15:51:33] [DEBUG] retrieved and pushed value 'Lost connection to MySQL server during query'
[15:51:33] [DEBUG] processing specifier 's'
[15:51:33] [DEBUG] retrieved and pushed value 'checkRegister'
[15:51:33] [DEBUG] processing specifier 's'
[15:51:33] [DEBUG] retrieved and pushed value 'SELECT * FROM `accounts` WHERE `name` = 'electron.js' LIMIT 1'
[15:51:33] [DEBUG] processing specifier 'd'
[15:51:33] [DEBUG] retrieved and pushed value '1'
[15:51:33] [INFO] Callback 'OnQueryError' set up for delayed execution.
[15:51:33] [DEBUG] created delayed callback with 5 parameters
[15:51:33] [DEBUG] CCallback::Execute(amx=0x2bd7c28, index=-10047, num_params=5)
[15:51:33] [INFO] Executing callback '_' with 5 parameters...
[15:51:33] [DEBUG] processing internal specifier 'c'
[15:51:33] [DEBUG] pushed value '1' onto AMX stack
[15:51:33] [DEBUG] processing internal specifier 's'
[15:51:33] [DEBUG] pushed value 'SELECT * FROM `accounts` WHERE `name` = 'electron.js' LIMIT 1' onto AMX stack
[15:51:33] [DEBUG] processing internal specifier 's'
[15:51:33] [DEBUG] pushed value 'checkRegister' onto AMX stack
[15:51:33] [DEBUG] processing internal specifier 's'
[15:51:33] [DEBUG] pushed value 'Lost connection to MySQL server during query' onto AMX stack
[15:51:33] [DEBUG] processing internal specifier 'c'
[15:51:33] [DEBUG] pushed value '2013' onto AMX stack
[15:51:33] [DEBUG] executing AMX callback with index '-10047'
[15:51:33] [DEBUG] AMX callback executed with error '0'
[15:51:33] [INFO] Callback successfully executed.
[15:52:00] [WARNING] mysql_connect: no password specified (c:\Users\User\Desktop\Projects\REGISTER AND AUTH\gamemodes\registerandauth.pwn:106 -> C:\Users\User\Desktop\Projects\REGISTER AND AUTH\pawno\include\Pawn.CMD.inc:127 -> C:\Users\User\Desktop\Projects\REGISTER AND AUTH\pawno\include\sscanf2.inc:210)
[15:52:00] [INFO] changed log level from 'warning, error' to 'debug, info, warning, error'
[15:52:00] [DEBUG] CThreadedConnection::WorkerFunc(this=0x426d020, connection=0x426d020)
[15:52:35] [DEBUG] mysql_tquery(1, "SELECT * FROM `accounts` WHERE `name` = 'electron.js' LIMIT 1", "checkRegister", "d") (c:\Users\User\Desktop\Projects\REGISTER AND AUTH\gamemodes\registerandauth.pwn:145 -> C:\Users\User\Desktop\Projects\REGISTER AND AUTH\pawno\include\sscanf2.inc:241)
[15:52:35] [DEBUG] CCallback::Create(amx=0x2b97c28, name='checkRegister', format='d', params=0x3d79768, param_offset=5)
[15:52:35] [DEBUG] CCallback::Create - callback index for 'checkRegister': 47
[15:52:35] [DEBUG] processing specifier 'd' with parameter index 0
[15:52:35] [DEBUG] retrieved and pushed value '0'
[15:52:35] [INFO] Callback 'checkRegister' set up for delayed execution.
[15:52:35] [DEBUG] created delayed callback with 1 parameter
[15:52:35] [DEBUG] CHandle::Execute(this=0x8adde8, type=1, query=0x8a0150)
[15:52:35] [DEBUG] CConnection::Execute(query=0x8a0150, this=0x3ec8020, connection=0x8616c8)
[15:52:35] [DEBUG] CQuery::Execute(this=0x8a0150, connection=0x8616c8)
[15:52:35] [DEBUG] CHandle::Execute - return value: true
[15:52:35] [INFO] query "SELECT * FROM `accounts` WHERE `name` = 'electron.js' LIMIT 1" successfully executed within 5.86 milliseconds
[15:52:35] [DEBUG] CResultSet::Create(connection=0x8616c8, query_str='SELECT * FROM `accounts` WHERE `name` = 'electron.js' LIMIT 1')
[15:52:35] [DEBUG] created new resultset '0x898608'
[15:52:35] [DEBUG] mysql_tquery: return value: '1' (c:\Users\User\Desktop\Projects\REGISTER AND AUTH\gamemodes\registerandauth.pwn:145 -> C:\Users\User\Desktop\Projects\REGISTER AND AUTH\pawno\include\sscanf2.inc:241)
[15:52:35] [DEBUG] fetched MySQL result '0x89e158'
[15:52:35] [DEBUG] allocated 0 bytes for PAWN result
[15:52:35] [DEBUG] CCallback::Execute(amx=0x2b97c28, index=47, num_params=1)
[15:52:35] [INFO] Executing callback 'checkRegister' with 1 parameter...
[15:52:35] [DEBUG] processing internal specifier 'c'
[15:52:35] [DEBUG] pushed value '0' onto AMX stack
[15:52:35] [DEBUG] executing AMX callback with index '47'
[15:52:35] [DEBUG] cache_get_row_count(0x03D79BE0) (C:\Users\User\Desktop\Projects\REGISTER AND AUTH\pawno\include\a_mysql.inc:182 -> c:\Users\User\Desktop\Projects\REGISTER AND AUTH\gamemodes\registerandauth.pwn:153)
[15:52:35] [DEBUG] cache_get_row_count: return value: '1' (C:\Users\User\Desktop\Projects\REGISTER AND AUTH\pawno\include\a_mysql.inc:182 -> c:\Users\User\Desktop\Projects\REGISTER AND AUTH\gamemodes\registerandauth.pwn:153)
[15:52:35] [DEBUG] AMX callback executed with error '0'
[15:52:35] [INFO] Callback successfully executed.
[16:07:35] [WARNING] mysql_connect: no password specified (c:\Users\User\Desktop\Projects\REGISTER AND AUTH\gamemodes\registerandauth.pwn:106 -> C:\Users\User\Desktop\Projects\REGISTER AND AUTH\pawno\include\Pawn.CMD.inc:127 -> C:\Users\User\Desktop\Projects\REGISTER AND AUTH\pawno\include\sscanf2.inc:210)
[16:07:36] [INFO] changed log level from 'warning, error' to 'debug, info, warning, error'
[16:20:12] [WARNING] mysql_connect: no password specified (c:\Users\User\Desktop\Projects\REGISTER AND AUTH\gamemodes\registerandauth.pwn:106 -> C:\Users\User\Desktop\Projects\REGISTER AND AUTH\pawno\include\Pawn.CMD.inc:127 -> C:\Users\User\Desktop\Projects\REGISTER AND AUTH\pawno\include\sscanf2.inc:210)
[16:20:12] [INFO] changed log level from 'warning, error' to 'debug, info, warning, error'
[16:21:33] [DEBUG] mysql_tquery(1, "SELECT * FROM `accounts` WHERE `name` = 'electron.js' LIMIT 1", "checkRegister", "d") (c:\Users\User\Desktop\Projects\REGISTER AND AUTH\gamemodes\registerandauth.pwn:145 -> C:\Users\User\Desktop\Projects\REGISTER AND AUTH\pawno\include\sscanf2.inc:241)
[16:21:33] [DEBUG] CCallback::Create(amx=0x2b37c28, name='checkRegister', format='d', params=0x3d65e24, param_offset=5)
[16:21:33] [DEBUG] CCallback::Create - callback index for 'checkRegister': 47
[16:21:33] [DEBUG] processing specifier 'd' with parameter index 0
[16:21:33] [DEBUG] retrieved and pushed value '0'
[16:21:33] [INFO] Callback 'checkRegister' set up for delayed execution.
[16:21:33] [DEBUG] created delayed callback with 1 parameter
[16:21:33] [DEBUG] CHandle::Execute(this=0x73ba68, type=1, query=0x6f9bc0)
[16:21:33] [DEBUG] CHandle::Execute - return value: true
[16:21:33] [DEBUG] mysql_tquery: return value: '1' (c:\Users\User\Desktop\Projects\REGISTER AND AUTH\gamemodes\registerandauth.pwn:145 -> C:\Users\User\Desktop\Projects\REGISTER AND AUTH\pawno\include\sscanf2.inc:241)
[16:21:33] [DEBUG] CConnection::Execute(query=0x6f9bc0, this=0x3ebf020, connection=0x733918)
[16:21:33] [DEBUG] CQuery::Execute(this=0x6f9bc0, connection=0x733918)
[16:21:33] [ERROR] error #2013 while executing query "SELECT * FROM `accounts` WHERE `name` = 'electron.js' LIMIT 1": Lost connection to MySQL server during query (c:\Users\User\Desktop\Projects\REGISTER AND AUTH\gamemodes\registerandauth.pwn:145 -> C:\Users\User\Desktop\Projects\REGISTER AND AUTH\pawno\include\sscanf2.inc:241)
[16:21:33] [DEBUG] CConnection::GetError(this=0x3ebf020, connection=0x733918)
[16:21:33] [DEBUG] CCallback::Create(amx=0x2b37c28, name='OnQueryError', format='dsssd)
[16:21:33] [DEBUG] CCallback::Create - callback index for 'OnQueryError': -10047
[16:21:33] [DEBUG] processing specifier 'd'
[16:21:33] [DEBUG] retrieved and pushed value '2013'
[16:21:33] [DEBUG] processing specifier 's'
[16:21:33] [DEBUG] retrieved and pushed value 'Lost connection to MySQL server during query'
[16:21:33] [DEBUG] processing specifier 's'
[16:21:33] [DEBUG] retrieved and pushed value 'checkRegister'
[16:21:33] [DEBUG] processing specifier 's'
[16:21:33] [DEBUG] retrieved and pushed value 'SELECT * FROM `accounts` WHERE `name` = 'electron.js' LIMIT 1'
[16:21:33] [DEBUG] processing specifier 'd'
[16:21:33] [DEBUG] retrieved and pushed value '1'
[16:21:33] [INFO] Callback 'OnQueryError' set up for delayed execution.
[16:21:33] [DEBUG] created delayed callback with 5 parameters
[16:21:33] [DEBUG] CCallback::Execute(amx=0x2b37c28, index=-10047, num_params=5)
[16:21:33] [INFO] Executing callback 'ך[' with 5 parameters...
[16:21:33] [DEBUG] processing internal specifier 'c'
[16:21:33] [DEBUG] pushed value '1' onto AMX stack
[16:21:33] [DEBUG] processing internal specifier 's'
[16:21:33] [DEBUG] pushed value 'SELECT * FROM `accounts` WHERE `name` = 'electron.js' LIMIT 1' onto AMX stack
[16:21:33] [DEBUG] processing internal specifier 's'
[16:21:33] [DEBUG] pushed value 'checkRegister' onto AMX stack
[16:21:33] [DEBUG] processing internal specifier 's'
[16:21:33] [DEBUG] pushed value 'Lost connection to MySQL server during query' onto AMX stack
[16:21:33] [DEBUG] processing internal specifier 'c'
[16:21:33] [DEBUG] pushed value '2013' onto AMX stack
[16:21:33] [DEBUG] executing AMX callback with index '-10047'
[16:21:33] [DEBUG] AMX callback executed with error '0'
[16:21:33] [INFO] Callback successfully executed.
[16:21:47] [WARNING] mysql_connect: no password specified (c:\Users\User\Desktop\Projects\REGISTER AND AUTH\gamemodes\registerandauth.pwn:106 -> C:\Users\User\Desktop\Projects\REGISTER AND AUTH\pawno\include\Pawn.CMD.inc:127 -> C:\Users\User\Desktop\Projects\REGISTER AND AUTH\pawno\include\sscanf2.inc:210)
[16:21:47] [INFO] changed log level from 'warning, error' to 'debug, info, warning, error'
[16:22:33] [DEBUG] mysql_tquery(1, "SELECT * FROM `accounts` WHERE `name` = 'electron.js' LIMIT 1", "checkRegister", "d") (c:\Users\User\Desktop\Projects\REGISTER AND AUTH\gamemodes\registerandauth.pwn:145 -> C:\Users\User\Desktop\Projects\REGISTER AND AUTH\pawno\include\sscanf2.inc:241)
[16:22:33] [DEBUG] CCallback::Create(amx=0x2b37c28, name='checkRegister', format='d', params=0x3d72e24, param_offset=5)
[16:22:33] [DEBUG] CCallback::Create - callback index for 'checkRegister': 47
[16:22:33] [DEBUG] processing specifier 'd' with parameter index 0
[16:22:33] [DEBUG] retrieved and pushed value '0'
[16:22:33] [INFO] Callback 'checkRegister' set up for delayed execution.
[16:22:33] [DEBUG] created delayed callback with 1 parameter
[16:22:33] [DEBUG] CHandle::Execute(this=0x861060, type=1, query=0x89d170)
[16:22:33] [DEBUG] CHandle::Execute - return value: true
[16:22:33] [DEBUG] mysql_tquery: return value: '1' (c:\Users\User\Desktop\Projects\REGISTER AND AUTH\gamemodes\registerandauth.pwn:145 -> C:\Users\User\Desktop\Projects\REGISTER AND AUTH\pawno\include\sscanf2.inc:241)
[16:22:33] [DEBUG] CConnection::Execute(query=0x89d170, this=0x3ec6020, connection=0x8c2090)
[16:22:33] [DEBUG] CQuery::Execute(this=0x89d170, connection=0x8c2090)
[16:22:33] [INFO] query "SELECT * FROM `accounts` WHERE `name` = 'electron.js' LIMIT 1" successfully executed within 3.521 milliseconds
[16:22:33] [DEBUG] CResultSet::Create(connection=0x8c2090, query_str='SELECT * FROM `accounts` WHERE `name` = 'electron.js' LIMIT 1')
[16:22:33] [DEBUG] created new resultset '0x896618'
[16:22:33] [DEBUG] fetched MySQL result '0x8871b8'
[16:22:33] [DEBUG] allocated 0 bytes for PAWN result
[16:22:33] [DEBUG] CCallback::Execute(amx=0x2b37c28, index=47, num_params=1)
[16:22:33] [INFO] Executing callback 'checkRegister' with 1 parameter...
[16:22:33] [DEBUG] processing internal specifier 'c'
[16:22:33] [DEBUG] pushed value '0' onto AMX stack
[16:22:33] [DEBUG] executing AMX callback with index '47'
[16:22:33] [DEBUG] cache_get_row_count(0x03D7329C) (C:\Users\User\Desktop\Projects\REGISTER AND AUTH\pawno\include\a_mysql.inc:182 -> c:\Users\User\Desktop\Projects\REGISTER AND AUTH\gamemodes\registerandauth.pwn:153)
[16:22:33] [DEBUG] cache_get_row_count: return value: '1' (C:\Users\User\Desktop\Projects\REGISTER AND AUTH\pawno\include\a_mysql.inc:182 -> c:\Users\User\Desktop\Projects\REGISTER AND AUTH\gamemodes\registerandauth.pwn:153)
[16:22:33] [DEBUG] AMX callback executed with error '0'
[16:22:33] [INFO] Callback successfully executed.
[16:23:25] [DEBUG] mysql_tquery(1, "INSERT INTO `accounts` (`name`, `password`, `email`, `sex`, `referal`, `promo`, `skin`, `logged`, `money`) VALUES ('electron.js', '201720182017', 'dsfdsfsdfsdf', '1', '213213213', '', '7', '0', '0')", "", "") (c:\Users\User\Desktop\Projects\REGISTER AND AUTH\gamemodes\registerandauth.pwn:410)
[16:23:25] [DEBUG] CCallback::Create(amx=0x2b37c28, name='', format='', params=0x3d72de8, param_offset=5)
[16:23:25] [DEBUG] CHandle::Execute(this=0x861060, type=1, query=0x885510)
[16:23:25] [DEBUG] CConnection::Execute(query=0x885510, this=0x3ec6020, connection=0x8c2090)
[16:23:25] [DEBUG] CQuery::Execute(this=0x885510, connection=0x8c2090)
[16:23:25] [DEBUG] CHandle::Execute - return value: true
[16:23:25] [DEBUG] mysql_tquery: return value: '1' (c:\Users\User\Desktop\Projects\REGISTER AND AUTH\gamemodes\registerandauth.pwn:410)
[16:23:26] [INFO] query "INSERT INTO `accounts` (`name`, `password`, `email`, `sex`, `referal`, `promo`, `skin`, `logged`, `money`) VALUES ('electron.js', '201720182017', 'dsfdsfsdfsdf', '1', '213213213', '', '7', '0', '0')" successfully executed within 773.308 milliseconds
[16:23:26] [DEBUG] CResultSet::Create(connection=0x8c2090, query_str='INSERT INTO `accounts` (`name`, `password`, `email`, `sex`, `referal`, `promo`, `skin`, `logged`, `money`) VALUES ('electron.js', '201720182017', 'dsfdsfsdfsdf', '1', '213213213', '', '7', '0', '0')')
[16:23:26] [DEBUG] created new resultset '0x896b20'
[16:23:26] [DEBUG] fetched MySQL result '0x0'
[17:56:18] [WARNING] mysql_connect: no password specified (c:\Users\User\Desktop\Projects\REGISTER AND AUTH\gamemodes\registerandauth.pwn:109 -> C:\Users\User\Desktop\Projects\REGISTER AND AUTH\pawno\include\Pawn.CMD.inc:127 -> C:\Users\User\Desktop\Projects\REGISTER AND AUTH\pawno\include\sscanf2.inc:210)
[17:56:18] [INFO] changed log level from 'warning, error' to 'debug, info, warning, error'
[17:58:24] [DEBUG] mysql_tquery(1, "SELECT * FROM `accounts` WHERE `name` = 'electron.js' LIMIT 1", "checkRegister", "d") (c:\Users\User\Desktop\Projects\REGISTER AND AUTH\gamemodes\registerandauth.pwn:148 -> C:\Users\User\Desktop\Projects\REGISTER AND AUTH\pawno\include\sscanf2.inc:241)
[17:58:24] [DEBUG] CCallback::Create(amx=0x2b37c28, name='checkRegister', format='d', params=0x3d5ee68, param_offset=5)
[17:58:24] [DEBUG] CCallback::Create - callback index for 'checkRegister': 47
[17:58:24] [DEBUG] processing specifier 'd' with parameter index 0
[17:58:24] [DEBUG] retrieved and pushed value '0'
[17:58:24] [INFO] Callback 'checkRegister' set up for delayed execution.
[17:58:24] [DEBUG] created delayed callback with 1 parameter
[17:58:24] [DEBUG] CHandle::Execute(this=0x5c1080, type=1, query=0x5d9330)
[17:58:24] [DEBUG] CHandle::Execute - return value: true
[17:58:24] [DEBUG] mysql_tquery: return value: '1' (c:\Users\User\Desktop\Projects\REGISTER AND AUTH\gamemodes\registerandauth.pwn:148 -> C:\Users\User\Desktop\Projects\REGISTER AND AUTH\pawno\include\sscanf2.inc:241)
[17:58:24] [DEBUG] CConnection::Execute(query=0x5d9330, this=0x3eba020, connection=0x608c40)
[17:58:24] [DEBUG] CQuery::Execute(this=0x5d9330, connection=0x608c40)
[17:58:24] [ERROR] error #2013 while executing query "SELECT * FROM `accounts` WHERE `name` = 'electron.js' LIMIT 1": Lost connection to MySQL server during query (c:\Users\User\Desktop\Projects\REGISTER AND AUTH\gamemodes\registerandauth.pwn:148 -> C:\Users\User\Desktop\Projects\REGISTER AND AUTH\pawno\include\sscanf2.inc:241)
[17:58:24] [DEBUG] CConnection::GetError(this=0x3eba020, connection=0x608c40)
[17:58:24] [DEBUG] CCallback::Create(amx=0x2b37c28, name='OnQueryError', format='dsssd)
[17:58:24] [DEBUG] CCallback::Create - callback index for 'OnQueryError': -10047
[17:58:24] [DEBUG] processing specifier 'd'
[17:58:24] [DEBUG] retrieved and pushed value '2013'
[17:58:24] [DEBUG] processing specifier 's'
[17:58:24] [DEBUG] retrieved and pushed value 'Lost connection to MySQL server during query'
[17:58:24] [DEBUG] processing specifier 's'
[17:58:24] [DEBUG] retrieved and pushed value 'checkRegister'
[17:58:24] [DEBUG] processing specifier 's'
[17:58:24] [DEBUG] retrieved and pushed value 'SELECT * FROM `accounts` WHERE `name` = 'electron.js' LIMIT 1'
[17:58:24] [DEBUG] processing specifier 'd'
[17:58:24] [DEBUG] retrieved and pushed value '1'
[17:58:24] [INFO] Callback 'OnQueryError' set up for delayed execution.
[17:58:24] [DEBUG] created delayed callback with 5 parameters
[17:58:24] [DEBUG] CCallback::Execute(amx=0x2b37c28, index=-10047, num_params=5)
[17:58:24] [INFO] Executing callback '‏[' with 5 parameters...
[17:58:24] [DEBUG] processing internal specifier 'c'
[17:58:24] [DEBUG] pushed value '1' onto AMX stack
[17:58:24] [DEBUG] processing internal specifier 's'
[17:58:24] [DEBUG] pushed value 'SELECT * FROM `accounts` WHERE `name` = 'electron.js' LIMIT 1' onto AMX stack
[17:58:24] [DEBUG] processing internal specifier 's'
[17:58:24] [DEBUG] pushed value 'checkRegister' onto AMX stack
[17:58:24] [DEBUG] processing internal specifier 's'
[17:58:24] [DEBUG] pushed value 'Lost connection to MySQL server during query' onto AMX stack
[17:58:24] [DEBUG] processing internal specifier 'c'
[17:58:24] [DEBUG] pushed value '2013' onto AMX stack
[17:58:24] [DEBUG] executing AMX callback with index '-10047'
[17:58:24] [DEBUG] AMX callback executed with error '0'
[17:58:24] [INFO] Callback successfully executed.
[18:10:05] [WARNING] mysql_connect: no password specified (c:\Users\User\Desktop\Projects\REGISTER AND AUTH\gamemodes\registerandauth.pwn:109 -> C:\Users\User\Desktop\Projects\REGISTER AND AUTH\pawno\include\Pawn.CMD.inc:127 -> C:\Users\User\Desktop\Projects\REGISTER AND AUTH\pawno\include\sscanf2.inc:210)
[18:10:05] [INFO] changed log level from 'warning, error' to 'debug, info, warning, error'
[18:57:39] [WARNING] mysql_connect: no password specified (c:\Users\User\Desktop\Projects\REGISTER AND AUTH\gamemodes\registerandauth.pwn:109 -> C:\Users\User\Desktop\Projects\REGISTER AND AUTH\pawno\include\Pawn.CMD.inc:127 -> C:\Users\User\Desktop\Projects\REGISTER AND AUTH\pawno\include\sscanf2.inc:210)
[18:57:42] [ERROR] CConnection::CConnection - establishing connection to MySQL database failed: #2002 'Can't connect to MySQL server on '127.0.0.1' (10061)'
[18:57:44] [ERROR] CConnection::CConnection - establishing connection to MySQL database failed: #2002 'Can't connect to MySQL server on '127.0.0.1' (10061)'
[18:57:46] [ERROR] CConnection::CConnection - establishing connection to MySQL database failed: #2002 'Can't connect to MySQL server on '127.0.0.1' (10061)'
[18:57:49] [ERROR] CConnection::CConnection - establishing connection to MySQL database failed: #2002 'Can't connect to MySQL server on '127.0.0.1' (10061)'
[22:46:47] [WARNING] mysql_connect: no password specified (c:\Users\User\Desktop\Projects\REGISTER AND AUTH\gamemodes\registerandauth.pwn:111 -> C:\Users\User\Desktop\Projects\REGISTER AND AUTH\pawno\include\Pawn.CMD.inc:127 -> C:\Users\User\Desktop\Projects\REGISTER AND AUTH\pawno\include\sscanf2.inc:210)
[22:46:49] [ERROR] CConnection::CConnection - establishing connection to MySQL database failed: #2002 'Can't connect to MySQL server on '127.0.0.1' (10061)'
[11:06:06] [WARNING] mysql_connect: no password specified (c:\Users\User\Desktop\Projects\REGISTER AND AUTH\gamemodes\registerandauth.pwn:112 -> C:\Users\User\Desktop\Projects\REGISTER AND AUTH\pawno\include\Pawn.CMD.inc:127 -> C:\Users\User\Desktop\Projects\REGISTER AND AUTH\pawno\include\sscanf2.inc:210)
[11:06:06] [INFO] changed log level from 'warning, error' to 'debug, info, warning, error'
[11:09:36] [DEBUG] mysql_tquery(1, "SELECT * FROM `accounts` WHERE `name` = 'electron.js' LIMIT 1", "checkRegister", "d") (c:\Users\User\Desktop\Projects\REGISTER AND AUTH\gamemodes\registerandauth.pwn:152 -> C:\Users\User\Desktop\Projects\REGISTER AND AUTH\pawno\include\sscanf2.inc:241)
[11:09:36] [DEBUG] CCallback::Create(amx=0x2b37cb8, name='checkRegister', format='d', params=0x3d6f0ec, param_offset=5)
[11:09:36] [DEBUG] CCallback::Create - callback index for 'checkRegister': 48
[11:09:36] [DEBUG] processing specifier 'd' with parameter index 0
[11:09:36] [DEBUG] retrieved and pushed value '0'
[11:09:36] [INFO] Callback 'checkRegister' set up for delayed execution.
[11:09:36] [DEBUG] created delayed callback with 1 parameter
[11:09:36] [DEBUG] CHandle::Execute(this=0x73f868, type=1, query=0x72ebc0)
[11:09:36] [DEBUG] CConnection::Execute(query=0x72ebc0, this=0x3ec1020, connection=0x701598)
[11:09:36] [DEBUG] CQuery::Execute(this=0x72ebc0, connection=0x701598)
[11:09:36] [DEBUG] CHandle::Execute - return value: true
[11:09:36] [DEBUG] mysql_tquery: return value: '1' (c:\Users\User\Desktop\Projects\REGISTER AND AUTH\gamemodes\registerandauth.pwn:152 -> C:\Users\User\Desktop\Projects\REGISTER AND AUTH\pawno\include\sscanf2.inc:241)
[11:09:37] [INFO] query "SELECT * FROM `accounts` WHERE `name` = 'electron.js' LIMIT 1" successfully executed within 58.648 milliseconds
[11:09:37] [DEBUG] CResultSet::Create(connection=0x701598, query_str='SELECT * FROM `accounts` WHERE `name` = 'electron.js' LIMIT 1')
[11:09:37] [DEBUG] created new resultset '0x748368'
[11:09:37] [DEBUG] fetched MySQL result '0x755f40'
[11:09:37] [DEBUG] allocated 0 bytes for PAWN result
[11:09:37] [DEBUG] CCallback::Execute(amx=0x2b37cb8, index=48, num_params=1)
[11:09:37] [INFO] Executing callback 'checkRegister' with 1 parameter...
[11:09:37] [DEBUG] processing internal specifier 'c'
[11:09:37] [DEBUG] pushed value '0' onto AMX stack
[11:09:37] [DEBUG] executing AMX callback with index '48'
[11:09:37] [DEBUG] cache_get_row_count(0x03D6F564) (C:\Users\User\Desktop\Projects\REGISTER AND AUTH\pawno\include\a_mysql.inc:182 -> c:\Users\User\Desktop\Projects\REGISTER AND AUTH\gamemodes\registerandauth.pwn:160)
[11:09:37] [DEBUG] cache_get_row_count: return value: '1' (C:\Users\User\Desktop\Projects\REGISTER AND AUTH\pawno\include\a_mysql.inc:182 -> c:\Users\User\Desktop\Projects\REGISTER AND AUTH\gamemodes\registerandauth.pwn:160)
[11:09:37] [DEBUG] AMX callback executed with error '0'
[11:09:37] [INFO] Callback successfully executed.
[11:25:38] [WARNING] mysql_connect: no password specified (c:\Users\User\Desktop\Projects\REGISTER AND AUTH\gamemodes\registerandauth.pwn:112 -> C:\Users\User\Desktop\Projects\REGISTER AND AUTH\pawno\include\Pawn.CMD.inc:127 -> C:\Users\User\Desktop\Projects\REGISTER AND AUTH\pawno\include\sscanf2.inc:210)
[11:25:39] [INFO] changed log level from 'warning, error' to 'debug, info, warning, error'
[11:27:15] [DEBUG] mysql_tquery(1, "SELECT * FROM `accounts` WHERE `name` = 'electron.js' LIMIT 1", "checkRegister", "d") (c:\Users\User\Desktop\Projects\REGISTER AND AUTH\gamemodes\registerandauth.pwn:152 -> C:\Users\User\Desktop\Projects\REGISTER AND AUTH\pawno\include\sscanf2.inc:241)
[11:27:15] [DEBUG] CCallback::Create(amx=0x2b47cb8, name='checkRegister', format='d', params=0x3d820ec, param_offset=5)
[11:27:15] [DEBUG] CCallback::Create - callback index for 'checkRegister': 48
[11:27:15] [DEBUG] processing specifier 'd' with parameter index 0
[11:27:15] [DEBUG] retrieved and pushed value '0'
[11:27:15] [INFO] Callback 'checkRegister' set up for delayed execution.
[11:27:15] [DEBUG] created delayed callback with 1 parameter
[11:27:15] [DEBUG] CHandle::Execute(this=0x59a9a8, type=1, query=0x579060)
[11:27:15] [DEBUG] CHandle::Execute - return value: true
[11:27:15] [DEBUG] mysql_tquery: return value: '1' (c:\Users\User\Desktop\Projects\REGISTER AND AUTH\gamemodes\registerandauth.pwn:152 -> C:\Users\User\Desktop\Projects\REGISTER AND AUTH\pawno\include\sscanf2.inc:241)
[11:27:15] [DEBUG] CConnection::Execute(query=0x579060, this=0x3ede020, connection=0x5b6ce8)
[11:27:15] [DEBUG] CQuery::Execute(this=0x579060, connection=0x5b6ce8)
[11:27:15] [ERROR] error #2013 while executing query "SELECT * FROM `accounts` WHERE `name` = 'electron.js' LIMIT 1": Lost connection to MySQL server during query (c:\Users\User\Desktop\Projects\REGISTER AND AUTH\gamemodes\registerandauth.pwn:152 -> C:\Users\User\Desktop\Projects\REGISTER AND AUTH\pawno\include\sscanf2.inc:241)
[11:27:15] [DEBUG] CConnection::GetError(this=0x3ede020, connection=0x5b6ce8)
[11:27:15] [DEBUG] CCallback::Create(amx=0x2b47cb8, name='OnQueryError', format='dsssd)
[11:27:15] [DEBUG] CCallback::Create - callback index for 'OnQueryError': -10047
[11:27:15] [DEBUG] processing specifier 'd'
[11:27:15] [DEBUG] retrieved and pushed value '2013'
[11:27:15] [DEBUG] processing specifier 's'
[11:27:15] [DEBUG] retrieved and pushed value 'Lost connection to MySQL server during query'
[11:27:15] [DEBUG] processing specifier 's'
[11:27:15] [DEBUG] retrieved and pushed value 'checkRegister'
[11:27:15] [DEBUG] processing specifier 's'
[11:27:15] [DEBUG] retrieved and pushed value 'SELECT * FROM `accounts` WHERE `name` = 'electron.js' LIMIT 1'
[11:27:15] [DEBUG] processing specifier 'd'
[11:27:15] [DEBUG] retrieved and pushed value '1'
[11:27:15] [INFO] Callback 'OnQueryError' set up for delayed execution.
[11:27:15] [DEBUG] created delayed callback with 5 parameters
[11:27:15] [DEBUG] CCallback::Execute(amx=0x2b47cb8, index=-10047, num_params=5)
[11:27:15] [INFO] Executing callback '3a' with 5 parameters...
[11:27:15] [DEBUG] processing internal specifier 'c'
[11:27:15] [DEBUG] pushed value '1' onto AMX stack
[11:27:15] [DEBUG] processing internal specifier 's'
[11:27:15] [DEBUG] pushed value 'SELECT * FROM `accounts` WHERE `name` = 'electron.js' LIMIT 1' onto AMX stack
[11:27:15] [DEBUG] processing internal specifier 's'
[11:27:15] [DEBUG] pushed value 'checkRegister' onto AMX stack
[11:27:15] [DEBUG] processing internal specifier 's'
[11:27:15] [DEBUG] pushed value 'Lost connection to MySQL server during query' onto AMX stack
[11:27:15] [DEBUG] processing internal specifier 'c'
[11:27:15] [DEBUG] pushed value '2013' onto AMX stack
[11:27:15] [DEBUG] executing AMX callback with index '-10047'
[11:27:15] [DEBUG] AMX callback executed with error '0'
[11:27:15] [INFO] Callback successfully executed.
[11:27:37] [WARNING] mysql_connect: no password specified (c:\Users\User\Desktop\Projects\REGISTER AND AUTH\gamemodes\registerandauth.pwn:112 -> C:\Users\User\Desktop\Projects\REGISTER AND AUTH\pawno\include\Pawn.CMD.inc:127 -> C:\Users\User\Desktop\Projects\REGISTER AND AUTH\pawno\include\sscanf2.inc:210)
[11:27:37] [INFO] changed log level from 'warning, error' to 'debug, info, warning, error'
[11:28:10] [DEBUG] mysql_tquery(1, "SELECT * FROM `accounts` WHERE `name` = 'electron.js' LIMIT 1", "checkRegister", "d") (c:\Users\User\Desktop\Projects\REGISTER AND AUTH\gamemodes\registerandauth.pwn:152 -> C:\Users\User\Desktop\Projects\REGISTER AND AUTH\pawno\include\sscanf2.inc:241)
[11:28:10] [DEBUG] CCallback::Create(amx=0x2b57cb8, name='checkRegister', format='d', params=0x3d8f0ec, param_offset=5)
[11:28:10] [DEBUG] CCallback::Create - callback index for 'checkRegister': 48
[11:28:10] [DEBUG] processing specifier 'd' with parameter index 0
[11:28:10] [DEBUG] retrieved and pushed value '0'
[11:28:10] [INFO] Callback 'checkRegister' set up for delayed execution.
[11:28:10] [DEBUG] created delayed callback with 1 parameter
[11:28:10] [DEBUG] CHandle::Execute(this=0x6b9a18, type=1, query=0x696c28)
[11:28:10] [DEBUG] CConnection::Execute(query=0x696c28, this=0x3ee2020, connection=0x671598)
[11:28:10] [DEBUG] CQuery::Execute(this=0x696c28, connection=0x671598)
[11:28:10] [DEBUG] CHandle::Execute - return value: true
[11:28:10] [DEBUG] mysql_tquery: return value: '1' (c:\Users\User\Desktop\Projects\REGISTER AND AUTH\gamemodes\registerandauth.pwn:152 -> C:\Users\User\Desktop\Projects\REGISTER AND AUTH\pawno\include\sscanf2.inc:241)
[11:28:11] [INFO] query "SELECT * FROM `accounts` WHERE `name` = 'electron.js' LIMIT 1" successfully executed within 520.494 milliseconds
[11:28:11] [DEBUG] CResultSet::Create(connection=0x671598, query_str='SELECT * FROM `accounts` WHERE `name` = 'electron.js' LIMIT 1')
[11:28:11] [DEBUG] created new resultset '0x6a7d50'
[11:28:11] [DEBUG] fetched MySQL result '0x6b2b80'
[11:28:11] [DEBUG] allocated 0 bytes for PAWN result
[11:28:11] [DEBUG] CCallback::Execute(amx=0x2b57cb8, index=48, num_params=1)
[11:28:11] [INFO] Executing callback 'checkRegister' with 1 parameter...
[11:28:11] [DEBUG] processing internal specifier 'c'
[11:28:11] [DEBUG] pushed value '0' onto AMX stack
[11:28:11] [DEBUG] executing AMX callback with index '48'
[11:28:11] [DEBUG] cache_get_row_count(0x03D8F564) (C:\Users\User\Desktop\Projects\REGISTER AND AUTH\pawno\include\a_mysql.inc:182 -> c:\Users\User\Desktop\Projects\REGISTER AND AUTH\gamemodes\registerandauth.pwn:160)
[11:28:11] [DEBUG] cache_get_row_count: return value: '1' (C:\Users\User\Desktop\Projects\REGISTER AND AUTH\pawno\include\a_mysql.inc:182 -> c:\Users\User\Desktop\Projects\REGISTER AND AUTH\gamemodes\registerandauth.pwn:160)
[11:28:11] [DEBUG] AMX callback executed with error '0'
[11:28:11] [INFO] Callback successfully executed.
[11:34:41] [WARNING] mysql_connect: no password specified (c:\Users\User\Desktop\Projects\REGISTER AND AUTH\gamemodes\registerandauth.pwn:112 -> C:\Users\User\Desktop\Projects\REGISTER AND AUTH\pawno\include\Pawn.CMD.inc:127 -> C:\Users\User\Desktop\Projects\REGISTER AND AUTH\pawno\include\sscanf2.inc:210)
[11:34:41] [INFO] changed log level from 'warning, error' to 'debug, info, warning, error'
[11:34:45] [DEBUG] mysql_tquery(1, "SELECT * FROM `accounts` WHERE `name` = 'electron.js' LIMIT 1", "checkRegister", "d") (c:\Users\User\Desktop\Projects\REGISTER AND AUTH\gamemodes\registerandauth.pwn:152 -> C:\Users\User\Desktop\Projects\REGISTER AND AUTH\pawno\include\sscanf2.inc:241)
[11:34:45] [DEBUG] CCallback::Create(amx=0x2b37cb8, name='checkRegister', format='d', params=0x3d780ec, param_offset=5)
[11:34:45] [DEBUG] CCallback::Create - callback index for 'checkRegister': 48
[11:34:45] [DEBUG] processing specifier 'd' with parameter index 0
[11:34:45] [DEBUG] retrieved and pushed value '0'
[11:34:45] [INFO] Callback 'checkRegister' set up for delayed execution.
[11:34:45] [DEBUG] created delayed callback with 1 parameter
[11:34:45] [DEBUG] CHandle::Execute(this=0x6277a0, type=1, query=0x621418)
[11:34:45] [DEBUG] CConnection::Execute(query=0x621418, this=0x3ecd020, connection=0x639630)
[11:34:45] [DEBUG] CQuery::Execute(this=0x621418, connection=0x639630)
[11:34:45] [DEBUG] CHandle::Execute - return value: true
[11:34:45] [DEBUG] mysql_tquery: return value: '1' (c:\Users\User\Desktop\Projects\REGISTER AND AUTH\gamemodes\registerandauth.pwn:152 -> C:\Users\User\Desktop\Projects\REGISTER AND AUTH\pawno\include\sscanf2.inc:241)
[11:34:45] [INFO] query "SELECT * FROM `accounts` WHERE `name` = 'electron.js' LIMIT 1" successfully executed within 19.40 milliseconds
[11:34:45] [DEBUG] CResultSet::Create(connection=0x639630, query_str='SELECT * FROM `accounts` WHERE `name` = 'electron.js' LIMIT 1')
[11:34:45] [DEBUG] created new resultset '0x6195f8'
[11:34:45] [DEBUG] fetched MySQL result '0x628690'
[11:34:45] [DEBUG] allocated 0 bytes for PAWN result
[11:34:45] [DEBUG] CCallback::Execute(amx=0x2b37cb8, index=48, num_params=1)
[11:34:45] [INFO] Executing callback 'checkRegister' with 1 parameter...
[11:34:45] [DEBUG] processing internal specifier 'c'
[11:34:45] [DEBUG] pushed value '0' onto AMX stack
[11:34:45] [DEBUG] executing AMX callback with index '48'
[11:34:45] [DEBUG] cache_get_row_count(0x03D78564) (C:\Users\User\Desktop\Projects\REGISTER AND AUTH\pawno\include\a_mysql.inc:182 -> c:\Users\User\Desktop\Projects\REGISTER AND AUTH\gamemodes\registerandauth.pwn:160)
[11:34:45] [DEBUG] cache_get_row_count: return value: '1' (C:\Users\User\Desktop\Projects\REGISTER AND AUTH\pawno\include\a_mysql.inc:182 -> c:\Users\User\Desktop\Projects\REGISTER AND AUTH\gamemodes\registerandauth.pwn:160)
[11:34:45] [DEBUG] AMX callback executed with error '0'
[11:34:45] [INFO] Callback successfully executed.
[11:35:38] [WARNING] mysql_connect: no password specified (c:\Users\User\Desktop\Projects\REGISTER AND AUTH\gamemodes\registerandauth.pwn:112 -> C:\Users\User\Desktop\Projects\REGISTER AND AUTH\pawno\include\Pawn.CMD.inc:127 -> C:\Users\User\Desktop\Projects\REGISTER AND AUTH\pawno\include\sscanf2.inc:210)
[11:35:38] [INFO] changed log level from 'warning, error' to 'debug, info, warning, error'
[11:36:29] [DEBUG] mysql_tquery(1, "SELECT * FROM `accounts` WHERE `name` = 'electron.js' LIMIT 1", "checkRegister", "d") (c:\Users\User\Desktop\Projects\REGISTER AND AUTH\gamemodes\registerandauth.pwn:152 -> C:\Users\User\Desktop\Projects\REGISTER AND AUTH\pawno\include\sscanf2.inc:241)
[11:36:29] [DEBUG] CCallback::Create(amx=0x2b37cb8, name='checkRegister', format='d', params=0x3d730ec, param_offset=5)
[11:36:29] [DEBUG] CCallback::Create - callback index for 'checkRegister': 48
[11:36:29] [DEBUG] processing specifier 'd' with parameter index 0
[11:36:29] [DEBUG] retrieved and pushed value '0'
[11:36:29] [INFO] Callback 'checkRegister' set up for delayed execution.
[11:36:29] [DEBUG] created delayed callback with 1 parameter
[11:36:29] [DEBUG] CHandle::Execute(this=0x61c988, type=1, query=0x5f7438)
[11:36:29] [DEBUG] CConnection::Execute(query=0x5f7438, this=0x3ece020, connection=0x614650)
[11:36:29] [DEBUG] CQuery::Execute(this=0x5f7438, connection=0x614650)
[11:36:29] [DEBUG] CHandle::Execute - return value: true
[11:36:29] [DEBUG] mysql_tquery: return value: '1' (c:\Users\User\Desktop\Projects\REGISTER AND AUTH\gamemodes\registerandauth.pwn:152 -> C:\Users\User\Desktop\Projects\REGISTER AND AUTH\pawno\include\sscanf2.inc:241)
[11:36:29] [INFO] query "SELECT * FROM `accounts` WHERE `name` = 'electron.js' LIMIT 1" successfully executed within 344.375 milliseconds
[11:36:29] [DEBUG] CResultSet::Create(connection=0x614650, query_str='SELECT * FROM `accounts` WHERE `name` = 'electron.js' LIMIT 1')
[11:36:29] [DEBUG] created new resultset '0x6078b0'
[11:36:29] [DEBUG] fetched MySQL result '0x60f350'
[11:36:29] [DEBUG] allocated 0 bytes for PAWN result
[11:36:29] [DEBUG] CCallback::Execute(amx=0x2b37cb8, index=48, num_params=1)
[11:36:29] [INFO] Executing callback 'checkRegister' with 1 parameter...
[11:36:29] [DEBUG] processing internal specifier 'c'
[11:36:29] [DEBUG] pushed value '0' onto AMX stack
[11:36:29] [DEBUG] executing AMX callback with index '48'
[11:36:29] [DEBUG] cache_get_row_count(0x03D73564) (C:\Users\User\Desktop\Projects\REGISTER AND AUTH\pawno\include\a_mysql.inc:182 -> c:\Users\User\Desktop\Projects\REGISTER AND AUTH\gamemodes\registerandauth.pwn:160)
[11:36:29] [DEBUG] cache_get_row_count: return value: '1' (C:\Users\User\Desktop\Projects\REGISTER AND AUTH\pawno\include\a_mysql.inc:182 -> c:\Users\User\Desktop\Projects\REGISTER AND AUTH\gamemodes\registerandauth.pwn:160)
[11:36:29] [DEBUG] AMX callback executed with error '0'
[11:36:29] [INFO] Callback successfully executed.
[11:49:07] [WARNING] mysql_connect: no password specified (c:\Users\User\Desktop\Projects\REGISTER AND AUTH\gamemodes\registerandauth.pwn:112 -> C:\Users\User\Desktop\Projects\REGISTER AND AUTH\pawno\include\Pawn.CMD.inc:127 -> C:\Users\User\Desktop\Projects\REGISTER AND AUTH\pawno\include\sscanf2.inc:210)
[11:49:08] [INFO] changed log level from 'warning, error' to 'debug, info, warning, error'
[11:50:56] [DEBUG] mysql_tquery(1, "SELECT * FROM `accounts` WHERE `name` = 'electron.js' LIMIT 1", "checkRegister", "d") (c:\Users\User\Desktop\Projects\REGISTER AND AUTH\gamemodes\registerandauth.pwn:152 -> C:\Users\User\Desktop\Projects\REGISTER AND AUTH\pawno\include\sscanf2.inc:241)
[11:50:56] [DEBUG] CCallback::Create(amx=0x29f7cb8, name='checkRegister', format='d', params=0x3c400ec, param_offset=5)
[11:50:56] [DEBUG] CCallback::Create - callback index for 'checkRegister': 48
[11:50:56] [DEBUG] processing specifier 'd' with parameter index 0
[11:50:56] [DEBUG] retrieved and pushed value '0'
[11:50:56] [INFO] Callback 'checkRegister' set up for delayed execution.
[11:50:56] [DEBUG] created delayed callback with 1 parameter
[11:50:56] [DEBUG] CHandle::Execute(this=0x700d60, type=1, query=0x72fd80)
[11:50:56] [DEBUG] CHandle::Execute - return value: true
[11:50:56] [DEBUG] mysql_tquery: return value: '1' (c:\Users\User\Desktop\Projects\REGISTER AND AUTH\gamemodes\registerandauth.pwn:152 -> C:\Users\User\Desktop\Projects\REGISTER AND AUTH\pawno\include\sscanf2.inc:241)
[11:50:56] [DEBUG] CConnection::Execute(query=0x72fd80, this=0x3d95020, connection=0x74e998)
[11:50:56] [DEBUG] CQuery::Execute(this=0x72fd80, connection=0x74e998)
[11:50:56] [ERROR] error #2013 while executing query "SELECT * FROM `accounts` WHERE `name` = 'electron.js' LIMIT 1": Lost connection to MySQL server during query (c:\Users\User\Desktop\Projects\REGISTER AND AUTH\gamemodes\registerandauth.pwn:152 -> C:\Users\User\Desktop\Projects\REGISTER AND AUTH\pawno\include\sscanf2.inc:241)
[11:50:56] [DEBUG] CConnection::GetError(this=0x3d95020, connection=0x74e998)
[11:50:56] [DEBUG] CCallback::Create(amx=0x29f7cb8, name='OnQueryError', format='dsssd)
[11:50:56] [DEBUG] CCallback::Create - callback index for 'OnQueryError': -10047
[11:50:56] [DEBUG] processing specifier 'd'
[11:50:56] [DEBUG] retrieved and pushed value '2013'
[11:50:56] [DEBUG] processing specifier 's'
[11:50:56] [DEBUG] retrieved and pushed value 'Lost connection to MySQL server during query'
[11:50:56] [DEBUG] processing specifier 's'
[11:50:56] [DEBUG] retrieved and pushed value 'checkRegister'
[11:50:56] [DEBUG] processing specifier 's'
[11:50:56] [DEBUG] retrieved and pushed value 'SELECT * FROM `accounts` WHERE `name` = 'electron.js' LIMIT 1'
[11:50:56] [DEBUG] processing specifier 'd'
[11:50:56] [DEBUG] retrieved and pushed value '1'
[11:50:56] [INFO] Callback 'OnQueryError' set up for delayed execution.
[11:50:56] [DEBUG] created delayed callback with 5 parameters
[11:50:56] [DEBUG] CCallback::Execute(amx=0x29f7cb8, index=-10047, num_params=5)
[11:51:19] [WARNING] mysql_connect: no password specified (c:\Users\User\Desktop\Projects\REGISTER AND AUTH\gamemodes\registerandauth.pwn:112 -> C:\Users\User\Desktop\Projects\REGISTER AND AUTH\pawno\include\Pawn.CMD.inc:127 -> C:\Users\User\Desktop\Projects\REGISTER AND AUTH\pawno\include\sscanf2.inc:210)
[11:51:19] [INFO] changed log level from 'warning, error' to 'debug, info, warning, error'
[11:51:22] [DEBUG] mysql_tquery(1, "SELECT * FROM `accounts` WHERE `name` = 'electron.js' LIMIT 1", "checkRegister", "d") (c:\Users\User\Desktop\Projects\REGISTER AND AUTH\gamemodes\registerandauth.pwn:152 -> C:\Users\User\Desktop\Projects\REGISTER AND AUTH\pawno\include\sscanf2.inc:241)
[11:51:22] [DEBUG] CCallback::Create(amx=0x2b37cb8, name='checkRegister', format='d', params=0x3d680ec, param_offset=5)
[11:51:22] [DEBUG] CCallback::Create - callback index for 'checkRegister': 48
[11:51:22] [DEBUG] processing specifier 'd' with parameter index 0
[11:51:22] [DEBUG] retrieved and pushed value '0'
[11:51:22] [INFO] Callback 'checkRegister' set up for delayed execution.
[11:51:22] [DEBUG] created delayed callback with 1 parameter
[11:51:22] [DEBUG] CHandle::Execute(this=0x738658, type=1, query=0x70ee48)
[11:51:22] [DEBUG] CConnection::Execute(query=0x70ee48, this=0x3eb4020, connection=0x759d78)
[11:51:22] [DEBUG] CQuery::Execute(this=0x70ee48, connection=0x759d78)
[11:51:22] [DEBUG] CHandle::Execute - return value: true
[11:51:22] [DEBUG] mysql_tquery: return value: '1' (c:\Users\User\Desktop\Projects\REGISTER AND AUTH\gamemodes\registerandauth.pwn:152 -> C:\Users\User\Desktop\Projects\REGISTER AND AUTH\pawno\include\sscanf2.inc:241)
[11:51:22] [INFO] query "SELECT * FROM `accounts` WHERE `name` = 'electron.js' LIMIT 1" successfully executed within 15.616 milliseconds
[11:51:22] [DEBUG] CResultSet::Create(connection=0x759d78, query_str='SELECT * FROM `accounts` WHERE `name` = 'electron.js' LIMIT 1')
[11:51:22] [DEBUG] created new resultset '0x72bef8'
[11:51:22] [DEBUG] fetched MySQL result '0x730f58'
[11:51:22] [DEBUG] allocated 0 bytes for PAWN result
[11:51:22] [DEBUG] CCallback::Execute(amx=0x2b37cb8, index=48, num_params=1)
[11:51:22] [INFO] Executing callback 'checkRegister' with 1 parameter...
[11:51:22] [DEBUG] processing internal specifier 'c'
[11:51:22] [DEBUG] pushed value '0' onto AMX stack
[11:51:22] [DEBUG] executing AMX callback with index '48'
[11:51:22] [DEBUG] cache_get_row_count(0x03D68564) (C:\Users\User\Desktop\Projects\REGISTER AND AUTH\pawno\include\a_mysql.inc:182 -> c:\Users\User\Desktop\Projects\REGISTER AND AUTH\gamemodes\registerandauth.pwn:160)
[11:51:22] [DEBUG] cache_get_row_count: return value: '1' (C:\Users\User\Desktop\Projects\REGISTER AND AUTH\pawno\include\a_mysql.inc:182 -> c:\Users\User\Desktop\Projects\REGISTER AND AUTH\gamemodes\registerandauth.pwn:160)
[11:51:22] [DEBUG] AMX callback executed with error '0'
[11:51:22] [INFO] Callback successfully executed.
[11:58:17] [WARNING] mysql_connect: no password specified (c:\Users\User\Desktop\Projects\REGISTER AND AUTH\gamemodes\registerandauth.pwn:113 -> C:\Users\User\Desktop\Projects\REGISTER AND AUTH\pawno\include\Pawn.CMD.inc:127 -> C:\Users\User\Desktop\Projects\REGISTER AND AUTH\pawno\include\sscanf2.inc:210)
[11:58:17] [INFO] changed log level from 'warning, error' to 'debug, info, warning, error'
[11:58:22] [DEBUG] mysql_tquery(1, "SELECT * FROM `accounts` WHERE `name` = 'electron.js' LIMIT 1", "checkRegister", "d") (c:\Users\User\Desktop\Projects\REGISTER AND AUTH\gamemodes\registerandauth.pwn:153 -> C:\Users\User\Desktop\Projects\REGISTER AND AUTH\pawno\include\sscanf2.inc:241)
[11:58:22] [DEBUG] CCallback::Create(amx=0x2a27cb8, name='checkRegister', format='d', params=0x3c5e5b8, param_offset=5)
[11:58:22] [DEBUG] CCallback::Create - callback index for 'checkRegister': 48
[11:58:22] [DEBUG] processing specifier 'd' with parameter index 0
[11:58:22] [DEBUG] retrieved and pushed value '0'
[11:58:22] [INFO] Callback 'checkRegister' set up for delayed execution.
[11:58:22] [DEBUG] created delayed callback with 1 parameter
[11:58:22] [DEBUG] CHandle::Execute(this=0x830fe0, type=1, query=0x86bbf8)
[11:58:22] [DEBUG] CHandle::Execute - return value: true
[11:58:22] [DEBUG] mysql_tquery: return value: '1' (c:\Users\User\Desktop\Projects\REGISTER AND AUTH\gamemodes\registerandauth.pwn:153 -> C:\Users\User\Desktop\Projects\REGISTER AND AUTH\pawno\include\sscanf2.inc:241)
[11:58:22] [DEBUG] CConnection::Execute(query=0x86bbf8, this=0x3da8020, connection=0x87d938)
[11:58:22] [DEBUG] CQuery::Execute(this=0x86bbf8, connection=0x87d938)
[11:58:23] [INFO] query "SELECT * FROM `accounts` WHERE `name` = 'electron.js' LIMIT 1" successfully executed within 757.136 milliseconds
[11:58:23] [DEBUG] CResultSet::Create(connection=0x87d938, query_str='SELECT * FROM `accounts` WHERE `name` = 'electron.js' LIMIT 1')
[11:58:23] [DEBUG] created new resultset '0x8667b0'
[11:58:23] [DEBUG] fetched MySQL result '0x85ff08'
[11:58:23] [DEBUG] allocated 0 bytes for PAWN result
[11:58:23] [DEBUG] CCallback::Execute(amx=0x2a27cb8, index=48, num_params=1)
[11:58:23] [INFO] Executing callback 'checkRegister' with 1 parameter...
[11:58:23] [DEBUG] processing internal specifier 'c'
[11:58:23] [DEBUG] pushed value '0' onto AMX stack
[11:58:23] [DEBUG] executing AMX callback with index '48'
[11:58:23] [DEBUG] cache_get_row_count(0x03C5EA30) (C:\Users\User\Desktop\Projects\REGISTER AND AUTH\pawno\include\a_mysql.inc:182 -> c:\Users\User\Desktop\Projects\REGISTER AND AUTH\gamemodes\registerandauth.pwn:161)
[11:58:23] [DEBUG] cache_get_row_count: return value: '1' (C:\Users\User\Desktop\Projects\REGISTER AND AUTH\pawno\include\a_mysql.inc:182 -> c:\Users\User\Desktop\Projects\REGISTER AND AUTH\gamemodes\registerandauth.pwn:161)
[11:58:23] [DEBUG] AMX callback executed with error '0'
[11:58:23] [INFO] Callback successfully executed.
[11:59:30] [WARNING] mysql_connect: no password specified (c:\Users\User\Desktop\Projects\REGISTER AND AUTH\gamemodes\registerandauth.pwn:113 -> C:\Users\User\Desktop\Projects\REGISTER AND AUTH\pawno\include\Pawn.CMD.inc:127 -> C:\Users\User\Desktop\Projects\REGISTER AND AUTH\pawno\include\sscanf2.inc:210)
[11:59:30] [INFO] changed log level from 'warning, error' to 'debug, info, warning, error'
[11:59:51] [WARNING] mysql_connect: no password specified (c:\Users\User\Desktop\Projects\REGISTER AND AUTH\gamemodes\registerandauth.pwn:113 -> C:\Users\User\Desktop\Projects\REGISTER AND AUTH\pawno\include\Pawn.CMD.inc:127 -> C:\Users\User\Desktop\Projects\REGISTER AND AUTH\pawno\include\sscanf2.inc:210)
[11:59:51] [INFO] changed log level from 'warning, error' to 'debug, info, warning, error'
[11:59:55] [DEBUG] mysql_tquery(1, "SELECT * FROM `accounts` WHERE `name` = 'electron.js' LIMIT 1", "checkRegister", "d") (c:\Users\User\Desktop\Projects\REGISTER AND AUTH\gamemodes\registerandauth.pwn:153 -> C:\Users\User\Desktop\Projects\REGISTER AND AUTH\pawno\include\sscanf2.inc:241)
[11:59:55] [DEBUG] CCallback::Create(amx=0x2b37cb8, name='checkRegister', format='d', params=0x3d725a4, param_offset=5)
[11:59:55] [DEBUG] CCallback::Create - callback index for 'checkRegister': 48
[11:59:55] [DEBUG] processing specifier 'd' with parameter index 0
[11:59:55] [DEBUG] retrieved and pushed value '0'
[11:59:55] [INFO] Callback 'checkRegister' set up for delayed execution.
[11:59:55] [DEBUG] created delayed callback with 1 parameter
[11:59:55] [DEBUG] CHandle::Execute(this=0x64b098, type=1, query=0x64af38)
[11:59:55] [DEBUG] CConnection::Execute(query=0x64af38, this=0x3ecc020, connection=0x649f50)
[11:59:55] [DEBUG] CQuery::Execute(this=0x64af38, connection=0x649f50)
[11:59:55] [DEBUG] CHandle::Execute - return value: true
[11:59:55] [DEBUG] mysql_tquery: return value: '1' (c:\Users\User\Desktop\Projects\REGISTER AND AUTH\gamemodes\registerandauth.pwn:153 -> C:\Users\User\Desktop\Projects\REGISTER AND AUTH\pawno\include\sscanf2.inc:241)
[11:59:55] [INFO] query "SELECT * FROM `accounts` WHERE `name` = 'electron.js' LIMIT 1" successfully executed within 11.939 milliseconds
[11:59:55] [DEBUG] CResultSet::Create(connection=0x649f50, query_str='SELECT * FROM `accounts` WHERE `name` = 'electron.js' LIMIT 1')
[11:59:55] [DEBUG] created new resultset '0x637e60'
[11:59:55] [DEBUG] fetched MySQL result '0x63e5c0'
[11:59:55] [DEBUG] allocated 0 bytes for PAWN result
[11:59:55] [DEBUG] CCallback::Execute(amx=0x2b37cb8, index=48, num_params=1)
[11:59:55] [INFO] Executing callback 'checkRegister' with 1 parameter...
[11:59:55] [DEBUG] processing internal specifier 'c'
[11:59:55] [DEBUG] pushed value '0' onto AMX stack
[11:59:55] [DEBUG] executing AMX callback with index '48'
[11:59:55] [DEBUG] cache_get_row_count(0x03D72A1C) (C:\Users\User\Desktop\Projects\REGISTER AND AUTH\pawno\include\a_mysql.inc:182 -> c:\Users\User\Desktop\Projects\REGISTER AND AUTH\gamemodes\registerandauth.pwn:161)
[11:59:55] [DEBUG] cache_get_row_count: return value: '1' (C:\Users\User\Desktop\Projects\REGISTER AND AUTH\pawno\include\a_mysql.inc:182 -> c:\Users\User\Desktop\Projects\REGISTER AND AUTH\gamemodes\registerandauth.pwn:161)
[11:59:55] [DEBUG] AMX callback executed with error '0'
[11:59:55] [INFO] Callback successfully executed.
[12:00:34] [DEBUG] mysql_tquery(1, "SELECT * FORM `promocods` WHERE `promo` = '' LIMIT 1", "CheckPromo", "d") (c:\Users\User\Desktop\Projects\REGISTER AND AUTH\gamemodes\registerandauth.pwn:388)
[12:00:34] [DEBUG] CCallback::Create(amx=0x2b37cb8, name='CheckPromo', format='d', params=0x3d71a08, param_offset=5)
[12:00:34] [DEBUG] CCallback::Create - callback index for 'CheckPromo': -10002
[12:00:34] [DEBUG] processing specifier 'd' with parameter index 0
[12:00:34] [DEBUG] retrieved and pushed value '0'
[12:00:34] [INFO] Callback 'CheckPromo' set up for delayed execution.
[12:00:34] [DEBUG] created delayed callback with 1 parameter
[12:00:34] [DEBUG] CHandle::Execute(this=0x64b098, type=1, query=0x64af38)
[12:00:34] [DEBUG] CConnection::Execute(query=0x64af38, this=0x3ecc020, connection=0x649f50)
[12:00:34] [DEBUG] CQuery::Execute(this=0x64af38, connection=0x649f50)
[12:00:34] [DEBUG] CHandle::Execute - return value: true
[12:00:34] [DEBUG] mysql_tquery: return value: '1' (c:\Users\User\Desktop\Projects\REGISTER AND AUTH\gamemodes\registerandauth.pwn:388)
[12:00:34] [ERROR] error #1064 while executing query "SELECT * FORM `promocods` WHERE `promo` = '' LIMIT 1": You have an error in your SQL syntax; check the manual that corresponds to your MySQL server version for the right syntax to use near 'FORM `promocods` WHERE `promo` = '' LIMIT 1' at line 1 (c:\Users\User\Desktop\Projects\REGISTER AND AUTH\gamemodes\registerandauth.pwn:388)
[12:00:34] [DEBUG] CConnection::GetError(this=0x3ecc020, connection=0x649f50)
[12:00:34] [DEBUG] CCallback::Create(amx=0x2b37cb8, name='OnQueryError', format='dsssd)
[12:00:34] [DEBUG] CCallback::Create - callback index for 'OnQueryError': -10048
[12:00:34] [DEBUG] processing specifier 'd'
[12:00:34] [DEBUG] retrieved and pushed value '1064'
[12:00:34] [DEBUG] processing specifier 's'
[12:00:34] [DEBUG] retrieved and pushed value 'You have an error in your SQL syntax; check the manual that corresponds to your MySQL server version for the right syntax to use near 'FORM `promocods` WHERE `promo` = '' LIMIT 1' at line 1'
[12:00:34] [DEBUG] processing specifier 's'
[12:00:34] [DEBUG] retrieved and pushed value 'CheckPromo'
[12:00:34] [DEBUG] processing specifier 's'
[12:00:34] [DEBUG] retrieved and pushed value 'SELECT * FORM `promocods` WHERE `promo` = '' LIMIT 1'
[12:00:34] [DEBUG] processing specifier 'd'
[12:00:34] [DEBUG] retrieved and pushed value '1'
[12:00:34] [INFO] Callback 'OnQueryError' set up for delayed execution.
[12:00:34] [DEBUG] created delayed callback with 5 parameters
[12:00:34] [DEBUG] CCallback::Execute(amx=0x2b37cb8, index=-10048, num_params=5)
[12:26:52] [WARNING] mysql_connect: no password specified (c:\Users\User\Desktop\Projects\REGISTER AND AUTH\gamemodes\registerandauth.pwn:113 -> C:\Users\User\Desktop\Projects\REGISTER AND AUTH\pawno\include\Pawn.CMD.inc:127 -> C:\Users\User\Desktop\Projects\REGISTER AND AUTH\pawno\include\sscanf2.inc:210)
[12:26:52] [INFO] changed log level from 'warning, error' to 'debug, info, warning, error'
[12:26:58] [DEBUG] mysql_tquery(1, "SELECT * FROM `accounts` WHERE `name` = 'electron.js' LIMIT 1", "checkRegister", "d") (c:\Users\User\Desktop\Projects\REGISTER AND AUTH\gamemodes\registerandauth.pwn:153 -> C:\Users\User\Desktop\Projects\REGISTER AND AUTH\pawno\include\sscanf2.inc:241)
[12:26:58] [DEBUG] CCallback::Create(amx=0x2b37cb8, name='checkRegister', format='d', params=0x3d58120, param_offset=5)
[12:26:58] [DEBUG] CCallback::Create - callback index for 'checkRegister': 48
[12:26:58] [DEBUG] processing specifier 'd' with parameter index 0
[12:26:58] [DEBUG] retrieved and pushed value '0'
[12:26:58] [INFO] Callback 'checkRegister' set up for delayed execution.
[12:26:58] [DEBUG] created delayed callback with 1 parameter
[12:26:58] [DEBUG] CHandle::Execute(this=0x8e34e8, type=1, query=0x8e4300)
[12:26:58] [DEBUG] CHandle::Execute - return value: true
[12:26:58] [DEBUG] CConnection::Execute(query=0x8e4300, this=0x3ea7020, connection=0x8f0c08)
[12:26:58] [DEBUG] mysql_tquery: return value: '1' (c:\Users\User\Desktop\Projects\REGISTER AND AUTH\gamemodes\registerandauth.pwn:153 -> C:\Users\User\Desktop\Projects\REGISTER AND AUTH\pawno\include\sscanf2.inc:241)
[12:26:58] [DEBUG] CQuery::Execute(this=0x8e4300, connection=0x8f0c08)
[12:26:58] [INFO] query "SELECT * FROM `accounts` WHERE `name` = 'electron.js' LIMIT 1" successfully executed within 5.67 milliseconds
[12:26:58] [DEBUG] CResultSet::Create(connection=0x8f0c08, query_str='SELECT * FROM `accounts` WHERE `name` = 'electron.js' LIMIT 1')
[12:26:58] [DEBUG] created new resultset '0x8d7e98'
[12:26:58] [DEBUG] fetched MySQL result '0x8d11b0'
[12:26:58] [DEBUG] allocated 0 bytes for PAWN result
[12:26:58] [DEBUG] CCallback::Execute(amx=0x2b37cb8, index=48, num_params=1)
[12:26:58] [INFO] Executing callback 'checkRegister' with 1 parameter...
[12:26:58] [DEBUG] processing internal specifier 'c'
[12:26:58] [DEBUG] pushed value '0' onto AMX stack
[12:26:58] [DEBUG] executing AMX callback with index '48'
[12:26:58] [DEBUG] cache_get_row_count(0x03D58598) (C:\Users\User\Desktop\Projects\REGISTER AND AUTH\pawno\include\a_mysql.inc:182 -> c:\Users\User\Desktop\Projects\REGISTER AND AUTH\gamemodes\registerandauth.pwn:161)
[12:26:58] [DEBUG] cache_get_row_count: return value: '1' (C:\Users\User\Desktop\Projects\REGISTER AND AUTH\pawno\include\a_mysql.inc:182 -> c:\Users\User\Desktop\Projects\REGISTER AND AUTH\gamemodes\registerandauth.pwn:161)
[12:26:58] [DEBUG] AMX callback executed with error '0'
[12:26:58] [INFO] Callback successfully executed.
[12:27:09] [DEBUG] mysql_tquery(1, "SELECT * FORM `promocods` WHERE `promo` = '' LIMIT 1", "CheckPromo", "d") (c:\Users\User\Desktop\Projects\REGISTER AND AUTH\gamemodes\registerandauth.pwn:402)
[12:27:09] [DEBUG] CCallback::Create(amx=0x2b37cb8, name='CheckPromo', format='d', params=0x3d57584, param_offset=5)
[12:27:09] [DEBUG] CCallback::Create - callback index for 'CheckPromo': -10002
[12:27:09] [DEBUG] processing specifier 'd' with parameter index 0
[12:27:09] [DEBUG] retrieved and pushed value '0'
[12:27:09] [INFO] Callback 'CheckPromo' set up for delayed execution.
[12:27:09] [DEBUG] created delayed callback with 1 parameter
[12:27:09] [DEBUG] CHandle::Execute(this=0x8e34e8, type=1, query=0x8e4300)
[12:27:09] [DEBUG] CConnection::Execute(query=0x8e4300, this=0x3ea7020, connection=0x8f0c08)
[12:27:09] [DEBUG] CQuery::Execute(this=0x8e4300, connection=0x8f0c08)
[12:27:09] [DEBUG] CHandle::Execute - return value: true
[12:27:09] [DEBUG] mysql_tquery: return value: '1' (c:\Users\User\Desktop\Projects\REGISTER AND AUTH\gamemodes\registerandauth.pwn:402)
[12:27:09] [ERROR] error #1064 while executing query "SELECT * FORM `promocods` WHERE `promo` = '' LIMIT 1": You have an error in your SQL syntax; check the manual that corresponds to your MySQL server version for the right syntax to use near 'FORM `promocods` WHERE `promo` = '' LIMIT 1' at line 1 (c:\Users\User\Desktop\Projects\REGISTER AND AUTH\gamemodes\registerandauth.pwn:402)
[12:27:09] [DEBUG] CConnection::GetError(this=0x3ea7020, connection=0x8f0c08)
[12:27:09] [DEBUG] CCallback::Create(amx=0x2b37cb8, name='OnQueryError', format='dsssd)
[12:27:09] [DEBUG] CCallback::Create - callback index for 'OnQueryError': -10048
[12:27:09] [DEBUG] processing specifier 'd'
[12:27:09] [DEBUG] retrieved and pushed value '1064'
[12:27:09] [DEBUG] processing specifier 's'
[12:27:09] [DEBUG] retrieved and pushed value 'You have an error in your SQL syntax; check the manual that corresponds to your MySQL server version for the right syntax to use near 'FORM `promocods` WHERE `promo` = '' LIMIT 1' at line 1'
[12:27:09] [DEBUG] processing specifier 's'
[12:27:09] [DEBUG] retrieved and pushed value 'CheckPromo'
[12:27:09] [DEBUG] processing specifier 's'
[12:27:09] [DEBUG] retrieved and pushed value 'SELECT * FORM `promocods` WHERE `promo` = '' LIMIT 1'
[12:27:09] [DEBUG] processing specifier 'd'
[12:27:09] [DEBUG] retrieved and pushed value '1'
[12:27:09] [INFO] Callback 'OnQueryError' set up for delayed execution.
[12:27:09] [DEBUG] created delayed callback with 5 parameters
[12:27:09] [DEBUG] CCallback::Execute(amx=0x2b37cb8, index=-10048, num_params=5)
[12:27:09] [INFO] Executing callback '&h' with 5 parameters...
[12:27:09] [DEBUG] processing internal specifier 'c'
[12:27:09] [DEBUG] pushed value '1' onto AMX stack
[12:27:09] [DEBUG] processing internal specifier 's'
[12:27:09] [DEBUG] pushed value 'SELECT * FORM `promocods` WHERE `promo` = '' LIMIT 1' onto AMX stack
[12:27:09] [DEBUG] processing internal specifier 's'
[12:27:09] [DEBUG] pushed value 'CheckPromo' onto AMX stack
[12:27:09] [DEBUG] processing internal specifier 's'
[12:27:09] [DEBUG] pushed value 'You have an error in your SQL syntax; check the manual that corresponds to your MySQL server version for the right syntax to use near 'FORM `promocods` WHERE `promo` = '' LIMIT 1' at line 1' onto AMX stack
[12:27:09] [DEBUG] processing internal specifier 'c'
[12:27:09] [DEBUG] pushed value '1064' onto AMX stack
[12:27:09] [DEBUG] executing AMX callback with index '-10048'
[12:27:09] [DEBUG] AMX callback executed with error '0'
[12:27:09] [INFO] Callback successfully executed.
[12:32:27] [WARNING] mysql_connect: no password specified (c:\Users\User\Desktop\Projects\REGISTER AND AUTH\gamemodes\registerandauth.pwn:113 -> C:\Users\User\Desktop\Projects\REGISTER AND AUTH\pawno\include\Pawn.CMD.inc:127 -> C:\Users\User\Desktop\Projects\REGISTER AND AUTH\pawno\include\sscanf2.inc:210)
[12:32:27] [INFO] changed log level from 'warning, error' to 'debug, info, warning, error'
[12:32:30] [DEBUG] mysql_tquery(1, "SELECT * FROM `accounts` WHERE `name` = 'electron.js' LIMIT 1", "checkRegister", "d") (c:\Users\User\Desktop\Projects\REGISTER AND AUTH\gamemodes\registerandauth.pwn:153 -> C:\Users\User\Desktop\Projects\REGISTER AND AUTH\pawno\include\sscanf2.inc:241)
[12:32:30] [DEBUG] CCallback::Create(amx=0x2b37cb8, name='checkRegister', format='d', params=0x3d7b5d4, param_offset=5)
[12:32:30] [DEBUG] CCallback::Create - callback index for 'checkRegister': 48
[12:32:30] [DEBUG] processing specifier 'd' with parameter index 0
[12:32:30] [DEBUG] retrieved and pushed value '0'
[12:32:30] [INFO] Callback 'checkRegister' set up for delayed execution.
[12:32:30] [DEBUG] created delayed callback with 1 parameter
[12:32:30] [DEBUG] CHandle::Execute(this=0x574b80, type=1, query=0x575220)
[12:32:30] [DEBUG] CHandle::Execute - return value: true
[12:32:30] [DEBUG] mysql_tquery: return value: '1' (c:\Users\User\Desktop\Projects\REGISTER AND AUTH\gamemodes\registerandauth.pwn:153 -> C:\Users\User\Desktop\Projects\REGISTER AND AUTH\pawno\include\sscanf2.inc:241)
[12:32:30] [DEBUG] CConnection::Execute(query=0x575220, this=0x3ecf020, connection=0x586520)
[12:32:30] [DEBUG] CQuery::Execute(this=0x575220, connection=0x586520)
[12:32:30] [INFO] query "SELECT * FROM `accounts` WHERE `name` = 'electron.js' LIMIT 1" successfully executed within 6.393 milliseconds
[12:32:30] [DEBUG] CResultSet::Create(connection=0x586520, query_str='SELECT * FROM `accounts` WHERE `name` = 'electron.js' LIMIT 1')
[12:32:30] [DEBUG] created new resultset '0x5678e0'
[12:32:30] [DEBUG] fetched MySQL result '0x56f5b0'
[12:32:30] [DEBUG] allocated 0 bytes for PAWN result
[12:32:30] [DEBUG] CCallback::Execute(amx=0x2b37cb8, index=48, num_params=1)
[12:32:30] [INFO] Executing callback 'checkRegister' with 1 parameter...
[12:32:30] [DEBUG] processing internal specifier 'c'
[12:32:30] [DEBUG] pushed value '0' onto AMX stack
[12:32:30] [DEBUG] executing AMX callback with index '48'
[12:32:30] [DEBUG] cache_get_row_count(0x03D7BA4C) (C:\Users\User\Desktop\Projects\REGISTER AND AUTH\pawno\include\a_mysql.inc:182 -> c:\Users\User\Desktop\Projects\REGISTER AND AUTH\gamemodes\registerandauth.pwn:161)
[12:32:30] [DEBUG] cache_get_row_count: return value: '1' (C:\Users\User\Desktop\Projects\REGISTER AND AUTH\pawno\include\a_mysql.inc:182 -> c:\Users\User\Desktop\Projects\REGISTER AND AUTH\gamemodes\registerandauth.pwn:161)
[12:32:30] [DEBUG] AMX callback executed with error '0'
[12:32:30] [INFO] Callback successfully executed.
[12:32:54] [DEBUG] mysql_tquery(1, "SELECT * FORM `promocods` WHERE `promo` = '' LIMIT 1", "CheckPromo", "d") (c:\Users\User\Desktop\Projects\REGISTER AND AUTH\gamemodes\registerandauth.pwn:406)
[12:32:54] [DEBUG] CCallback::Create(amx=0x2b37cb8, name='CheckPromo', format='d', params=0x3d7aa38, param_offset=5)
[12:32:54] [DEBUG] CCallback::Create - callback index for 'CheckPromo': -10002
[12:32:54] [DEBUG] processing specifier 'd' with parameter index 0
[12:32:54] [DEBUG] retrieved and pushed value '0'
[12:32:54] [INFO] Callback 'CheckPromo' set up for delayed execution.
[12:32:54] [DEBUG] created delayed callback with 1 parameter
[12:32:54] [DEBUG] CHandle::Execute(this=0x574b80, type=1, query=0x575220)
[12:32:54] [DEBUG] CHandle::Execute - return value: true
[12:32:54] [DEBUG] mysql_tquery: return value: '1' (c:\Users\User\Desktop\Projects\REGISTER AND AUTH\gamemodes\registerandauth.pwn:406)
[12:32:54] [DEBUG] CConnection::Execute(query=0x575220, this=0x3ecf020, connection=0x586520)
[12:32:54] [DEBUG] CQuery::Execute(this=0x575220, connection=0x586520)
[12:32:54] [ERROR] error #1064 while executing query "SELECT * FORM `promocods` WHERE `promo` = '' LIMIT 1": You have an error in your SQL syntax; check the manual that corresponds to your MySQL server version for the right syntax to use near 'FORM `promocods` WHERE `promo` = '' LIMIT 1' at line 1 (c:\Users\User\Desktop\Projects\REGISTER AND AUTH\gamemodes\registerandauth.pwn:406)
[12:32:54] [DEBUG] CConnection::GetError(this=0x3ecf020, connection=0x586520)
[12:32:54] [DEBUG] CCallback::Create(amx=0x2b37cb8, name='OnQueryError', format='dsssd)
[12:32:54] [DEBUG] CCallback::Create - callback index for 'OnQueryError': -10048
[12:32:54] [DEBUG] processing specifier 'd'
[12:32:54] [DEBUG] retrieved and pushed value '1064'
[12:32:54] [DEBUG] processing specifier 's'
[12:32:54] [DEBUG] retrieved and pushed value 'You have an error in your SQL syntax; check the manual that corresponds to your MySQL server version for the right syntax to use near 'FORM `promocods` WHERE `promo` = '' LIMIT 1' at line 1'
[12:32:54] [DEBUG] processing specifier 's'
[12:32:54] [DEBUG] retrieved and pushed value 'CheckPromo'
[12:32:54] [DEBUG] processing specifier 's'
[12:32:54] [DEBUG] retrieved and pushed value 'SELECT * FORM `promocods` WHERE `promo` = '' LIMIT 1'
[12:32:54] [DEBUG] processing specifier 'd'
[12:32:54] [DEBUG] retrieved and pushed value '1'
[12:32:54] [INFO] Callback 'OnQueryError' set up for delayed execution.
[12:32:54] [DEBUG] created delayed callback with 5 parameters
[12:32:54] [DEBUG] CCallback::Execute(amx=0x2b37cb8, index=-10048, num_params=5)
[12:32:54] [INFO] Executing callback '4j' with 5 parameters...
[12:32:54] [DEBUG] processing internal specifier 'c'
[12:32:54] [DEBUG] pushed value '1' onto AMX stack
[12:32:54] [DEBUG] processing internal specifier 's'
[12:32:54] [DEBUG] pushed value 'SELECT * FORM `promocods` WHERE `promo` = '' LIMIT 1' onto AMX stack
[12:32:54] [DEBUG] processing internal specifier 's'
[12:32:54] [DEBUG] pushed value 'CheckPromo' onto AMX stack
[12:32:54] [DEBUG] processing internal specifier 's'
[12:32:54] [DEBUG] pushed value 'You have an error in your SQL syntax; check the manual that corresponds to your MySQL server version for the right syntax to use near 'FORM `promocods` WHERE `promo` = '' LIMIT 1' at line 1' onto AMX stack
[12:32:54] [DEBUG] processing internal specifier 'c'
[12:32:54] [DEBUG] pushed value '1064' onto AMX stack
[12:32:54] [DEBUG] executing AMX callback with index '-10048'
[12:32:54] [DEBUG] AMX callback executed with error '0'
[12:32:54] [INFO] Callback successfully executed.
[12:36:20] [WARNING] mysql_connect: no password specified (c:\Users\User\Desktop\Projects\REGISTER AND AUTH\gamemodes\registerandauth.pwn:113 -> C:\Users\User\Desktop\Projects\REGISTER AND AUTH\pawno\include\Pawn.CMD.inc:127 -> C:\Users\User\Desktop\Projects\REGISTER AND AUTH\pawno\include\sscanf2.inc:210)
[12:36:20] [INFO] changed log level from 'warning, error' to 'debug, info, warning, error'
[12:36:20] [DEBUG] CThreadedConnection::WorkerFunc(this=0x415a020, connection=0x415a020)
[12:36:34] [DEBUG] mysql_tquery(1, "SELECT * FROM `accounts` WHERE `name` = 'electron.js' LIMIT 1", "checkRegister", "d") (c:\Users\User\Desktop\Projects\REGISTER AND AUTH\gamemodes\registerandauth.pwn:153 -> C:\Users\User\Desktop\Projects\REGISTER AND AUTH\pawno\include\sscanf2.inc:241)
[12:36:34] [DEBUG] CCallback::Create(amx=0x2a67cb8, name='checkRegister', format='d', params=0x3c656bc, param_offset=5)
[12:36:34] [DEBUG] CCallback::Create - callback index for 'checkRegister': 48
[12:36:34] [DEBUG] processing specifier 'd' with parameter index 0
[12:36:34] [DEBUG] retrieved and pushed value '0'
[12:36:34] [INFO] Callback 'checkRegister' set up for delayed execution.
[12:36:34] [DEBUG] created delayed callback with 1 parameter
[12:36:34] [DEBUG] CHandle::Execute(this=0x550e20, type=1, query=0x58f258)
[12:36:34] [DEBUG] CConnection::Execute(query=0x58f258, this=0x3dbe020, connection=0x5a4f40)
[12:36:34] [DEBUG] CQuery::Execute(this=0x58f258, connection=0x5a4f40)
[12:36:34] [DEBUG] CHandle::Execute - return value: true
[12:36:34] [DEBUG] mysql_tquery: return value: '1' (c:\Users\User\Desktop\Projects\REGISTER AND AUTH\gamemodes\registerandauth.pwn:153 -> C:\Users\User\Desktop\Projects\REGISTER AND AUTH\pawno\include\sscanf2.inc:241)
[12:36:34] [INFO] query "SELECT * FROM `accounts` WHERE `name` = 'electron.js' LIMIT 1" successfully executed within 5.537 milliseconds
[12:36:34] [DEBUG] CResultSet::Create(connection=0x5a4f40, query_str='SELECT * FROM `accounts` WHERE `name` = 'electron.js' LIMIT 1')
[12:36:34] [DEBUG] created new resultset '0x588c18'
[12:36:34] [DEBUG] fetched MySQL result '0x5c66b0'
[12:36:34] [DEBUG] allocated 0 bytes for PAWN result
[12:36:34] [DEBUG] CCallback::Execute(amx=0x2a67cb8, index=48, num_params=1)
[12:36:34] [INFO] Executing callback 'checkRegister' with 1 parameter...
[12:36:34] [DEBUG] processing internal specifier 'c'
[12:36:34] [DEBUG] pushed value '0' onto AMX stack
[12:36:34] [DEBUG] executing AMX callback with index '48'
[12:36:34] [DEBUG] cache_get_row_count(0x03C65B34) (C:\Users\User\Desktop\Projects\REGISTER AND AUTH\pawno\include\a_mysql.inc:182 -> c:\Users\User\Desktop\Projects\REGISTER AND AUTH\gamemodes\registerandauth.pwn:161)
[12:36:34] [DEBUG] cache_get_row_count: return value: '1' (C:\Users\User\Desktop\Projects\REGISTER AND AUTH\pawno\include\a_mysql.inc:182 -> c:\Users\User\Desktop\Projects\REGISTER AND AUTH\gamemodes\registerandauth.pwn:161)
[12:36:34] [DEBUG] AMX callback executed with error '0'
[12:36:34] [INFO] Callback successfully executed.
[12:37:55] [DEBUG] mysql_tquery(1, "SELECT * FORM `promocods` WHERE `promo` = '2132131231' LIMIT 1", "CheckPromo", "d") (c:\Users\User\Desktop\Projects\REGISTER AND AUTH\gamemodes\registerandauth.pwn:406)
[12:37:55] [DEBUG] CCallback::Create(amx=0x2a67cb8, name='CheckPromo', format='d', params=0x3c64b20, param_offset=5)
[12:37:55] [DEBUG] CCallback::Create - callback index for 'CheckPromo': -10002
[12:37:55] [DEBUG] processing specifier 'd' with parameter index 0
[12:37:55] [DEBUG] retrieved and pushed value '0'
[12:37:55] [INFO] Callback 'CheckPromo' set up for delayed execution.
[12:37:55] [DEBUG] created delayed callback with 1 parameter
[12:37:55] [DEBUG] CHandle::Execute(this=0x550e20, type=1, query=0x577fb8)
[12:37:55] [DEBUG] CConnection::Execute(query=0x577fb8, this=0x3dbe020, connection=0x5a4f40)
[12:37:55] [DEBUG] CQuery::Execute(this=0x577fb8, connection=0x5a4f40)
[12:37:55] [ERROR] error #2013 while executing query "SELECT * FORM `promocods` WHERE `promo` = '2132131231' LIMIT 1": Lost connection to MySQL server during query (c:\Users\User\Desktop\Projects\REGISTER AND AUTH\gamemodes\registerandauth.pwn:406)
[12:37:55] [DEBUG] CConnection::GetError(this=0x3dbe020, connection=0x5a4f40)
[12:37:55] [DEBUG] CHandle::Execute - return value: true
[12:37:55] [DEBUG] mysql_tquery: return value: '1' (c:\Users\User\Desktop\Projects\REGISTER AND AUTH\gamemodes\registerandauth.pwn:406)
[12:37:55] [DEBUG] CCallback::Create(amx=0x2a67cb8, name='OnQueryError', format='dsssd)
[12:37:55] [DEBUG] CCallback::Create - callback index for 'OnQueryError': -10048
[12:37:55] [DEBUG] processing specifier 'd'
[12:37:55] [DEBUG] retrieved and pushed value '2013'
[12:37:55] [DEBUG] processing specifier 's'
[12:37:55] [DEBUG] retrieved and pushed value 'Lost connection to MySQL server during query'
[12:37:55] [DEBUG] processing specifier 's'
[12:37:55] [DEBUG] retrieved and pushed value 'CheckPromo'
[12:37:55] [DEBUG] processing specifier 's'
[12:37:55] [DEBUG] retrieved and pushed value 'SELECT * FORM `promocods` WHERE `promo` = '2132131231' LIMIT 1'
[12:37:55] [DEBUG] processing specifier 'd'
[12:37:55] [DEBUG] retrieved and pushed value '1'
[12:37:55] [INFO] Callback 'OnQueryError' set up for delayed execution.
[12:37:55] [DEBUG] created delayed callback with 5 parameters
[12:37:55] [DEBUG] CCallback::Execute(amx=0x2a67cb8, index=-10048, num_params=5)
[12:37:55] [INFO] Executing callback 'j' with 5 parameters...
[12:37:55] [DEBUG] processing internal specifier 'c'
[12:37:55] [DEBUG] pushed value '1' onto AMX stack
[12:37:55] [DEBUG] processing internal specifier 's'
[12:37:55] [DEBUG] pushed value 'SELECT * FORM `promocods` WHERE `promo` = '2132131231' LIMIT 1' onto AMX stack
[12:37:55] [DEBUG] processing internal specifier 's'
[12:37:55] [DEBUG] pushed value 'CheckPromo' onto AMX stack
[12:37:55] [DEBUG] processing internal specifier 's'
[12:37:55] [DEBUG] pushed value 'Lost connection to MySQL server during query' onto AMX stack
[12:37:55] [DEBUG] processing internal specifier 'c'
[12:37:55] [DEBUG] pushed value '2013' onto AMX stack
[12:37:55] [DEBUG] executing AMX callback with index '-10048'
[12:37:55] [DEBUG] AMX callback executed with error '0'
[12:37:55] [INFO] Callback successfully executed.
[12:41:55] [WARNING] mysql_connect: no password specified (c:\Users\User\Desktop\Projects\REGISTER AND AUTH\gamemodes\registerandauth.pwn:113 -> C:\Users\User\Desktop\Projects\REGISTER AND AUTH\pawno\include\Pawn.CMD.inc:127 -> C:\Users\User\Desktop\Projects\REGISTER AND AUTH\pawno\include\sscanf2.inc:210)
[12:41:55] [INFO] changed log level from 'warning, error' to 'debug, info, warning, error'
[12:41:55] [DEBUG] CThreadedConnection::WorkerFunc(this=0x4251020, connection=0x4251020)
[12:41:59] [DEBUG] mysql_tquery(1, "SELECT * FROM `accounts` WHERE `name` = 'electron.js' LIMIT 1", "checkRegister", "d") (c:\Users\User\Desktop\Projects\REGISTER AND AUTH\gamemodes\registerandauth.pwn:153 -> C:\Users\User\Desktop\Projects\REGISTER AND AUTH\pawno\include\sscanf2.inc:241)
[12:41:59] [DEBUG] CCallback::Create(amx=0x2b77cb8, name='checkRegister', format='d', params=0x3d626bc, param_offset=5)
[12:41:59] [DEBUG] CCallback::Create - callback index for 'checkRegister': 48
[12:41:59] [DEBUG] processing specifier 'd' with parameter index 0
[12:41:59] [DEBUG] retrieved and pushed value '0'
[12:41:59] [INFO] Callback 'checkRegister' set up for delayed execution.
[12:41:59] [DEBUG] created delayed callback with 1 parameter
[12:41:59] [DEBUG] CHandle::Execute(this=0x6e3870, type=1, query=0x6de490)
[12:41:59] [DEBUG] CHandle::Execute - return value: true
[12:41:59] [DEBUG] mysql_tquery: return value: '1' (c:\Users\User\Desktop\Projects\REGISTER AND AUTH\gamemodes\registerandauth.pwn:153 -> C:\Users\User\Desktop\Projects\REGISTER AND AUTH\pawno\include\sscanf2.inc:241)
[12:41:59] [DEBUG] CConnection::Execute(query=0x6de490, this=0x3eb4020, connection=0x6f53f0)
[12:41:59] [DEBUG] CQuery::Execute(this=0x6de490, connection=0x6f53f0)
[12:41:59] [INFO] query "SELECT * FROM `accounts` WHERE `name` = 'electron.js' LIMIT 1" successfully executed within 6.243 milliseconds
[12:41:59] [DEBUG] CResultSet::Create(connection=0x6f53f0, query_str='SELECT * FROM `accounts` WHERE `name` = 'electron.js' LIMIT 1')
[12:41:59] [DEBUG] created new resultset '0x6d75f0'
[12:41:59] [DEBUG] fetched MySQL result '0x6e43a0'
[12:41:59] [DEBUG] allocated 0 bytes for PAWN result
[12:41:59] [DEBUG] CCallback::Execute(amx=0x2b77cb8, index=48, num_params=1)
[12:41:59] [INFO] Executing callback 'checkRegister' with 1 parameter...
[12:41:59] [DEBUG] processing internal specifier 'c'
[12:41:59] [DEBUG] pushed value '0' onto AMX stack
[12:41:59] [DEBUG] executing AMX callback with index '48'
[12:41:59] [DEBUG] cache_get_row_count(0x03D62B34) (C:\Users\User\Desktop\Projects\REGISTER AND AUTH\pawno\include\a_mysql.inc:182 -> c:\Users\User\Desktop\Projects\REGISTER AND AUTH\gamemodes\registerandauth.pwn:161)
[12:41:59] [DEBUG] cache_get_row_count: return value: '1' (C:\Users\User\Desktop\Projects\REGISTER AND AUTH\pawno\include\a_mysql.inc:182 -> c:\Users\User\Desktop\Projects\REGISTER AND AUTH\gamemodes\registerandauth.pwn:161)
[12:41:59] [DEBUG] AMX callback executed with error '0'
[12:41:59] [INFO] Callback successfully executed.
[12:42:28] [DEBUG] mysql_tquery(1, "SELECT * FORM `promocods` WHERE `promo` = '' LIMIT 1", "CheckPromo", "d") (c:\Users\User\Desktop\Projects\REGISTER AND AUTH\gamemodes\registerandauth.pwn:406)
[12:42:28] [DEBUG] CCallback::Create(amx=0x2b77cb8, name='CheckPromo', format='d', params=0x3d61b20, param_offset=5)
[12:42:28] [DEBUG] CCallback::Create - callback index for 'CheckPromo': -10002
[12:42:28] [DEBUG] processing specifier 'd' with parameter index 0
[12:42:28] [DEBUG] retrieved and pushed value '0'
[12:42:28] [INFO] Callback 'CheckPromo' set up for delayed execution.
[12:42:28] [DEBUG] created delayed callback with 1 parameter
[12:42:28] [DEBUG] CHandle::Execute(this=0x6e3870, type=1, query=0x7176c0)
[12:42:28] [DEBUG] CHandle::Execute - return value: true
[12:42:28] [DEBUG] mysql_tquery: return value: '1' (c:\Users\User\Desktop\Projects\REGISTER AND AUTH\gamemodes\registerandauth.pwn:406)
[12:42:28] [DEBUG] CConnection::Execute(query=0x7176c0, this=0x3eb4020, connection=0x6f53f0)
[12:42:28] [DEBUG] CQuery::Execute(this=0x7176c0, connection=0x6f53f0)
[12:42:28] [ERROR] error #1064 while executing query "SELECT * FORM `promocods` WHERE `promo` = '' LIMIT 1": You have an error in your SQL syntax; check the manual that corresponds to your MySQL server version for the right syntax to use near 'FORM `promocods` WHERE `promo` = '' LIMIT 1' at line 1 (c:\Users\User\Desktop\Projects\REGISTER AND AUTH\gamemodes\registerandauth.pwn:406)
[12:42:28] [DEBUG] CConnection::GetError(this=0x3eb4020, connection=0x6f53f0)
[12:42:28] [DEBUG] CCallback::Create(amx=0x2b77cb8, name='OnQueryError', format='dsssd)
[12:42:28] [DEBUG] CCallback::Create - callback index for 'OnQueryError': -10048
[12:42:28] [DEBUG] processing specifier 'd'
[12:42:28] [DEBUG] retrieved and pushed value '1064'
[12:42:28] [DEBUG] processing specifier 's'
[12:42:28] [DEBUG] retrieved and pushed value 'You have an error in your SQL syntax; check the manual that corresponds to your MySQL server version for the right syntax to use near 'FORM `promocods` WHERE `promo` = '' LIMIT 1' at line 1'
[12:42:28] [DEBUG] processing specifier 's'
[12:42:28] [DEBUG] retrieved and pushed value 'CheckPromo'
[12:42:28] [DEBUG] processing specifier 's'
[12:42:28] [DEBUG] retrieved and pushed value 'SELECT * FORM `promocods` WHERE `promo` = '' LIMIT 1'
[12:42:28] [DEBUG] processing specifier 'd'
[12:42:28] [DEBUG] retrieved and pushed value '1'
[12:42:28] [INFO] Callback 'OnQueryError' set up for delayed execution.
[12:42:28] [DEBUG] created delayed callback with 5 parameters
[12:42:28] [DEBUG] CCallback::Execute(amx=0x2b77cb8, index=-10048, num_params=5)
[12:42:28] [INFO] Executing callback 'j' with 5 parameters...
[12:42:28] [DEBUG] processing internal specifier 'c'
[12:42:28] [DEBUG] pushed value '1' onto AMX stack
[12:42:28] [DEBUG] processing internal specifier 's'
[12:42:28] [DEBUG] pushed value 'SELECT * FORM `promocods` WHERE `promo` = '' LIMIT 1' onto AMX stack
[12:42:28] [DEBUG] processing internal specifier 's'
[12:42:28] [DEBUG] pushed value 'CheckPromo' onto AMX stack
[12:42:28] [DEBUG] processing internal specifier 's'
[12:42:28] [DEBUG] pushed value 'You have an error in your SQL syntax; check the manual that corresponds to your MySQL server version for the right syntax to use near 'FORM `promocods` WHERE `promo` = '' LIMIT 1' at line 1' onto AMX stack
[12:42:28] [DEBUG] processing internal specifier 'c'
[12:42:28] [DEBUG] pushed value '1064' onto AMX stack
[12:42:28] [DEBUG] executing AMX callback with index '-10048'
[12:42:28] [DEBUG] AMX callback executed with error '0'
[12:42:28] [INFO] Callback successfully executed.
[12:49:15] [WARNING] mysql_connect: no password specified (c:\Users\User\Desktop\Projects\REGISTER AND AUTH\gamemodes\registerandauth.pwn:113 -> C:\Users\User\Desktop\Projects\REGISTER AND AUTH\pawno\include\Pawn.CMD.inc:127 -> C:\Users\User\Desktop\Projects\REGISTER AND AUTH\pawno\include\sscanf2.inc:210)
[12:49:15] [INFO] changed log level from 'warning, error' to 'debug, info, warning, error'
[12:49:29] [WARNING] mysql_connect: no password specified (c:\Users\User\Desktop\Projects\REGISTER AND AUTH\gamemodes\registerandauth.pwn:113 -> C:\Users\User\Desktop\Projects\REGISTER AND AUTH\pawno\include\Pawn.CMD.inc:127 -> C:\Users\User\Desktop\Projects\REGISTER AND AUTH\pawno\include\sscanf2.inc:210)
[12:49:29] [INFO] changed log level from 'warning, error' to 'debug, info, warning, error'
[12:49:32] [DEBUG] mysql_tquery(1, "SELECT * FROM `accounts` WHERE `name` = 'electron.js' LIMIT 1", "checkRegister", "d") (c:\Users\User\Desktop\Projects\REGISTER AND AUTH\gamemodes\registerandauth.pwn:153 -> C:\Users\User\Desktop\Projects\REGISTER AND AUTH\pawno\include\sscanf2.inc:241)
[12:49:32] [DEBUG] CCallback::Create(amx=0x29f7cb8, name='checkRegister', format='d', params=0x3c316bc, param_offset=5)
[12:49:32] [DEBUG] CCallback::Create - callback index for 'checkRegister': 48
[12:49:32] [DEBUG] processing specifier 'd' with parameter index 0
[12:49:32] [DEBUG] retrieved and pushed value '0'
[12:49:32] [INFO] Callback 'checkRegister' set up for delayed execution.
[12:49:32] [DEBUG] created delayed callback with 1 parameter
[12:49:32] [DEBUG] CHandle::Execute(this=0x728820, type=1, query=0x71c498)
[12:49:32] [DEBUG] CHandle::Execute - return value: true
[12:49:32] [DEBUG] mysql_tquery: return value: '1' (c:\Users\User\Desktop\Projects\REGISTER AND AUTH\gamemodes\registerandauth.pwn:153 -> C:\Users\User\Desktop\Projects\REGISTER AND AUTH\pawno\include\sscanf2.inc:241)
[12:49:32] [DEBUG] CConnection::Execute(query=0x71c498, this=0x3d87020, connection=0x721018)
[12:49:32] [DEBUG] CQuery::Execute(this=0x71c498, connection=0x721018)
[12:49:32] [INFO] query "SELECT * FROM `accounts` WHERE `name` = 'electron.js' LIMIT 1" successfully executed within 5.947 milliseconds
[12:49:32] [DEBUG] CResultSet::Create(connection=0x721018, query_str='SELECT * FROM `accounts` WHERE `name` = 'electron.js' LIMIT 1')
[12:49:32] [DEBUG] created new resultset '0x716cf0'
[12:49:32] [DEBUG] fetched MySQL result '0x721850'
[12:49:32] [DEBUG] allocated 0 bytes for PAWN result
[12:49:32] [DEBUG] CCallback::Execute(amx=0x29f7cb8, index=48, num_params=1)
[12:49:32] [INFO] Executing callback 'checkRegister' with 1 parameter...
[12:49:32] [DEBUG] processing internal specifier 'c'
[12:49:32] [DEBUG] pushed value '0' onto AMX stack
[12:49:32] [DEBUG] executing AMX callback with index '48'
[12:49:32] [DEBUG] cache_get_row_count(0x03C31B34) (C:\Users\User\Desktop\Projects\REGISTER AND AUTH\pawno\include\a_mysql.inc:182 -> c:\Users\User\Desktop\Projects\REGISTER AND AUTH\gamemodes\registerandauth.pwn:161)
[12:49:32] [DEBUG] cache_get_row_count: return value: '1' (C:\Users\User\Desktop\Projects\REGISTER AND AUTH\pawno\include\a_mysql.inc:182 -> c:\Users\User\Desktop\Projects\REGISTER AND AUTH\gamemodes\registerandauth.pwn:161)
[12:49:32] [DEBUG] AMX callback executed with error '0'
[12:49:32] [INFO] Callback successfully executed.
[12:50:17] [DEBUG] mysql_tquery(1, "SELECT * FORM `promocods` WHERE `promo` = 'fsdfsdf' LIMIT 1", "CheckPromo", "d") (c:\Users\User\Desktop\Projects\REGISTER AND AUTH\gamemodes\registerandauth.pwn:406)
[12:50:17] [DEBUG] CCallback::Create(amx=0x29f7cb8, name='CheckPromo', format='d', params=0x3c30b20, param_offset=5)
[12:50:17] [DEBUG] CCallback::Create - callback index for 'CheckPromo': -10002
[12:50:17] [DEBUG] processing specifier 'd' with parameter index 0
[12:50:17] [DEBUG] retrieved and pushed value '0'
[12:50:17] [INFO] Callback 'CheckPromo' set up for delayed execution.
[12:50:17] [DEBUG] created delayed callback with 1 parameter
[12:50:17] [DEBUG] CHandle::Execute(this=0x728820, type=1, query=0x752570)
[12:50:17] [DEBUG] CHandle::Execute - return value: true
[12:50:17] [DEBUG] mysql_tquery: return value: '1' (c:\Users\User\Desktop\Projects\REGISTER AND AUTH\gamemodes\registerandauth.pwn:406)
[12:50:17] [DEBUG] CConnection::Execute(query=0x752570, this=0x3d87020, connection=0x721018)
[12:50:17] [DEBUG] CQuery::Execute(this=0x752570, connection=0x721018)
[12:50:17] [ERROR] error #1064 while executing query "SELECT * FORM `promocods` WHERE `promo` = 'fsdfsdf' LIMIT 1": You have an error in your SQL syntax; check the manual that corresponds to your MySQL server version for the right syntax to use near 'FORM `promocods` WHERE `promo` = 'fsdfsdf' LIMIT 1' at line 1 (c:\Users\User\Desktop\Projects\REGISTER AND AUTH\gamemodes\registerandauth.pwn:406)
[12:50:17] [DEBUG] CConnection::GetError(this=0x3d87020, connection=0x721018)
[12:50:17] [DEBUG] CCallback::Create(amx=0x29f7cb8, name='OnQueryError', format='dsssd)
[12:50:17] [DEBUG] CCallback::Create - callback index for 'OnQueryError': -10048
[12:50:17] [DEBUG] processing specifier 'd'
[12:50:17] [DEBUG] retrieved and pushed value '1064'
[12:50:17] [DEBUG] processing specifier 's'
[12:50:17] [DEBUG] retrieved and pushed value 'You have an error in your SQL syntax; check the manual that corresponds to your MySQL server version for the right syntax to use near 'FORM `promocods` WHERE `promo` = 'fsdfsdf' LIMIT 1' at line 1'
[12:50:17] [DEBUG] processing specifier 's'
[12:50:17] [DEBUG] retrieved and pushed value 'CheckPromo'
[12:50:17] [DEBUG] processing specifier 's'
[12:50:17] [DEBUG] retrieved and pushed value 'SELECT * FORM `promocods` WHERE `promo` = 'fsdfsdf' LIMIT 1'
[12:50:17] [DEBUG] processing specifier 'd'
[12:50:17] [DEBUG] retrieved and pushed value '1'
[12:50:17] [INFO] Callback 'OnQueryError' set up for delayed execution.
[12:50:17] [DEBUG] created delayed callback with 5 parameters
[12:50:17] [DEBUG] CCallback::Execute(amx=0x29f7cb8, index=-10048, num_params=5)
